# JRE version: Java(TM) SE Runtime Environment (8.0_74-b02) (build 1.8.0_74-b02)
# Java VM: Java HotSpot(TM) 64-Bit Server VM (25.74-b02 mixed mode windows-amd64 compressed oops)
Heap:
 PSYoungGen      total 281600K, used 176250K [0x000000076b980000, 0x000000077e180000, 0x00000007c0000000)
  eden space 260096K, 59% used [0x000000076b980000,0x00000007750a5648,0x000000077b780000)
  from space 21504K, 99% used [0x000000077cc80000,0x000000077e179540,0x000000077e180000)
  to   space 21504K, 0% used [0x000000077b780000,0x000000077b780000,0x000000077cc80000)
 ParOldGen       total 139776K, used 57194K [0x00000006c2c00000, 0x00000006cb480000, 0x000000076b980000)
  object space 139776K, 40% used [0x00000006c2c00000,0x00000006c63da860,0x00000006cb480000)
 Metaspace       used 25421K, capacity 26014K, committed 26368K, reserved 1073152K
  class space    used 2836K, capacity 2988K, committed 3072K, reserved 1048576K
GC Heap History (10 events):
Event: 5.824 GC heap before
{Heap before GC invocations=7 (full 0):
 PSYoungGen      total 281600K, used 270968K [0x000000076b980000, 0x000000077e180000, 0x00000007c0000000)
  eden space 260096K, 100% used [0x000000076b980000,0x000000077b780000,0x000000077b780000)
  from space 21504K, 50% used [0x000000077cc80000,0x000000077d71e050,0x000000077e180000)
  to   space 21504K, 0% used [0x000000077b780000,0x000000077b780000,0x000000077cc80000)
 ParOldGen       total 173568K, used 19898K [0x00000006c2c00000, 0x00000006cd580000, 0x000000076b980000)
  object space 173568K, 11% used [0x00000006c2c00000,0x00000006c3f6e8c8,0x00000006cd580000)
 Metaspace       used 18132K, capacity 18534K, committed 18816K, reserved 1067008K
  class space    used 2054K, capacity 2158K, committed 2176K, reserved 1048576K
Event: 5.837 GC heap after
Heap after GC invocations=7 (full 0):
 PSYoungGen      total 281600K, used 4592K [0x000000076b980000, 0x000000077e180000, 0x00000007c0000000)
  eden space 260096K, 0% used [0x000000076b980000,0x000000076b980000,0x000000077b780000)
  from space 21504K, 21% used [0x000000077b780000,0x000000077bbfc010,0x000000077cc80000)
  to   space 21504K, 0% used [0x000000077cc80000,0x000000077cc80000,0x000000077e180000)
 ParOldGen       total 173568K, used 26101K [0x00000006c2c00000, 0x00000006cd580000, 0x000000076b980000)
  object space 173568K, 15% used [0x00000006c2c00000,0x00000006c457d538,0x00000006cd580000)
 Metaspace       used 18132K, capacity 18534K, committed 18816K, reserved 1067008K
  class space    used 2054K, capacity 2158K, committed 2176K, reserved 1048576K
}
Event: 6.047 GC heap before
{Heap before GC invocations=8 (full 0):
 PSYoungGen      total 281600K, used 264688K [0x000000076b980000, 0x000000077e180000, 0x00000007c0000000)
  eden space 260096K, 100% used [0x000000076b980000,0x000000077b780000,0x000000077b780000)
  from space 21504K, 21% used [0x000000077b780000,0x000000077bbfc010,0x000000077cc80000)
  to   space 21504K, 0% used [0x000000077cc80000,0x000000077cc80000,0x000000077e180000)
 ParOldGen       total 173568K, used 26101K [0x00000006c2c00000, 0x00000006cd580000, 0x000000076b980000)
  object space 173568K, 15% used [0x00000006c2c00000,0x00000006c457d538,0x00000006cd580000)
 Metaspace       used 18139K, capacity 18598K, committed 18816K, reserved 1067008K
  class space    used 2054K, capacity 2158K, committed 2176K, reserved 1048576K
Event: 6.051 GC heap after
Heap after GC invocations=8 (full 0):
 PSYoungGen      total 281600K, used 2432K [0x000000076b980000, 0x000000077e180000, 0x00000007c0000000)
  eden space 260096K, 0% used [0x000000076b980000,0x000000076b980000,0x000000077b780000)
  from space 21504K, 11% used [0x000000077cc80000,0x000000077cee0000,0x000000077e180000)
  to   space 21504K, 0% used [0x000000077b780000,0x000000077b780000,0x000000077cc80000)
 ParOldGen       total 173568K, used 28381K [0x00000006c2c00000, 0x00000006cd580000, 0x000000076b980000)
  object space 173568K, 16% used [0x00000006c2c00000,0x00000006c47b7548,0x00000006cd580000)
 Metaspace       used 18139K, capacity 18598K, committed 18816K, reserved 1067008K
  class space    used 2054K, capacity 2158K, committed 2176K, reserved 1048576K
}
Event: 6.813 GC heap before
{Heap before GC invocations=9 (full 0):
 PSYoungGen      total 281600K, used 142873K [0x000000076b980000, 0x000000077e180000, 0x00000007c0000000)
  eden space 260096K, 53% used [0x000000076b980000,0x00000007742a67f8,0x000000077b780000)
  from space 21504K, 11% used [0x000000077cc80000,0x000000077cee0000,0x000000077e180000)
  to   space 21504K, 0% used [0x000000077b780000,0x000000077b780000,0x000000077cc80000)
 ParOldGen       total 173568K, used 28381K [0x00000006c2c00000, 0x00000006cd580000, 0x000000076b980000)
  object space 173568K, 16% used [0x00000006c2c00000,0x00000006c47b7548,0x00000006cd580000)
 Metaspace       used 20601K, capacity 21126K, committed 21248K, reserved 1069056K
  class space    used 2353K, capacity 2494K, committed 2560K, reserved 1048576K
Event: 6.819 GC heap after
Heap after GC invocations=9 (full 0):
 PSYoungGen      total 281600K, used 2997K [0x000000076b980000, 0x000000077e180000, 0x00000007c0000000)
  eden space 260096K, 0% used [0x000000076b980000,0x000000076b980000,0x000000077b780000)
  from space 21504K, 13% used [0x000000077b780000,0x000000077ba6d550,0x000000077cc80000)
  to   space 21504K, 0% used [0x000000077cc80000,0x000000077cc80000,0x000000077e180000)
 ParOldGen       total 173568K, used 30444K [0x00000006c2c00000, 0x00000006cd580000, 0x000000076b980000)
  object space 173568K, 17% used [0x00000006c2c00000,0x00000006c49bb3a0,0x00000006cd580000)
 Metaspace       used 20601K, capacity 21126K, committed 21248K, reserved 1069056K
  class space    used 2353K, capacity 2494K, committed 2560K, reserved 1048576K
}
Event: 6.819 GC heap before
{Heap before GC invocations=10 (full 1):
 PSYoungGen      total 281600K, used 2997K [0x000000076b980000, 0x000000077e180000, 0x00000007c0000000)
  eden space 260096K, 0% used [0x000000076b980000,0x000000076b980000,0x000000077b780000)
  from space 21504K, 13% used [0x000000077b780000,0x000000077ba6d550,0x000000077cc80000)
  to   space 21504K, 0% used [0x000000077cc80000,0x000000077cc80000,0x000000077e180000)
 ParOldGen       total 173568K, used 30444K [0x00000006c2c00000, 0x00000006cd580000, 0x000000076b980000)
  object space 173568K, 17% used [0x00000006c2c00000,0x00000006c49bb3a0,0x00000006cd580000)
 Metaspace       used 20601K, capacity 21126K, committed 21248K, reserved 1069056K
  class space    used 2353K, capacity 2494K, committed 2560K, reserved 1048576K
Event: 6.999 GC heap after
Heap after GC invocations=10 (full 1):
 PSYoungGen      total 281600K, used 0K [0x000000076b980000, 0x000000077e180000, 0x00000007c0000000)
  eden space 260096K, 0% used [0x000000076b980000,0x000000076b980000,0x000000077b780000)
  from space 21504K, 0% used [0x000000077b780000,0x000000077b780000,0x000000077cc80000)
  to   space 21504K, 0% used [0x000000077cc80000,0x000000077cc80000,0x000000077e180000)
 ParOldGen       total 139776K, used 29470K [0x00000006c2c00000, 0x00000006cb480000, 0x000000076b980000)
  object space 139776K, 21% used [0x00000006c2c00000,0x00000006c48c7858,0x00000006cb480000)
 Metaspace       used 20601K, capacity 21126K, committed 21248K, reserved 1069056K
  class space    used 2353K, capacity 2494K, committed 2560K, reserved 1048576K
}
Event: 9.276 GC heap before
{Heap before GC invocations=11 (full 1):
 PSYoungGen      total 281600K, used 260096K [0x000000076b980000, 0x000000077e180000, 0x00000007c0000000)
  eden space 260096K, 100% used [0x000000076b980000,0x000000077b780000,0x000000077b780000)
  from space 21504K, 0% used [0x000000077b780000,0x000000077b780000,0x000000077cc80000)
  to   space 21504K, 0% used [0x000000077cc80000,0x000000077cc80000,0x000000077e180000)
 ParOldGen       total 139776K, used 29470K [0x00000006c2c00000, 0x00000006cb480000, 0x000000076b980000)
  object space 139776K, 21% used [0x00000006c2c00000,0x00000006c48c7858,0x00000006cb480000)
 Metaspace       used 23828K, capacity 24358K, committed 24576K, reserved 1071104K
  class space    used 2666K, capacity 2782K, committed 2816K, reserved 1048576K
Event: 9.307 GC heap after
Heap after GC invocations=11 (full 1):
 PSYoungGen      total 281600K, used 21477K [0x000000076b980000, 0x000000077e180000, 0x00000007c0000000)
  eden space 260096K, 0% used [0x000000076b980000,0x000000076b980000,0x000000077b780000)
  from space 21504K, 99% used [0x000000077cc80000,0x000000077e179540,0x000000077e180000)
  to   space 21504K, 0% used [0x000000077b780000,0x000000077b780000,0x000000077cc80000)
 ParOldGen       total 139776K, used 57194K [0x00000006c2c00000, 0x00000006cb480000, 0x000000076b980000)
  object space 139776K, 40% used [0x00000006c2c00000,0x00000006c63da860,0x00000006cb480000)
 Metaspace       used 23828K, capacity 24358K, committed 24576K, reserved 1071104K
  class space    used 2666K, capacity 2782K, committed 2816K, reserved 1048576K
}

