# JRE version: Java(TM) SE Runtime Environment (8.0_74-b02) (build 1.8.0_74-b02)
# Java VM: Java HotSpot(TM) 64-Bit Server VM (25.74-b02 mixed mode windows-amd64 compressed oops)
Heap:
 PSYoungGen      total 281088K, used 39864K [0x000000076b980000, 0x000000077e080000, 0x00000007c0000000)
  eden space 260096K, 7% used [0x000000076b980000,0x000000076cd98590,0x000000077b780000)
  from space 20992K, 91% used [0x000000077cc00000,0x000000077ded5cd8,0x000000077e080000)
  to   space 20992K, 0% used [0x000000077b780000,0x000000077b780000,0x000000077cc00000)
 ParOldGen       total 137728K, used 106047K [0x00000006c2c00000, 0x00000006cb280000, 0x000000076b980000)
  object space 137728K, 76% used [0x00000006c2c00000,0x00000006c938ffc8,0x00000006cb280000)
 Metaspace       used 27990K, capacity 28692K, committed 28928K, reserved 1075200K
  class space    used 3041K, capacity 3212K, committed 3328K, reserved 1048576K
GC Heap History (10 events):
Event: 11.947 GC heap before
{Heap before GC invocations=16 (full 1):
 PSYoungGen      total 281088K, used 271184K [0x000000076b980000, 0x000000077e080000, 0x00000007c0000000)
  eden space 260096K, 100% used [0x000000076b980000,0x000000077b780000,0x000000077b780000)
  from space 20992K, 52% used [0x000000077cc00000,0x000000077d6d42a0,0x000000077e080000)
  to   space 20992K, 0% used [0x000000077b780000,0x000000077b780000,0x000000077cc00000)
 ParOldGen       total 137728K, used 86183K [0x00000006c2c00000, 0x00000006cb280000, 0x000000076b980000)
  object space 137728K, 62% used [0x00000006c2c00000,0x00000006c8029f98,0x00000006cb280000)
 Metaspace       used 26056K, capacity 26802K, committed 26880K, reserved 1073152K
  class space    used 2896K, capacity 3050K, committed 3072K, reserved 1048576K
Event: 11.960 GC heap after
Heap after GC invocations=16 (full 1):
 PSYoungGen      total 281088K, used 11104K [0x000000076b980000, 0x000000077e080000, 0x00000007c0000000)
  eden space 260096K, 0% used [0x000000076b980000,0x000000076b980000,0x000000077b780000)
  from space 20992K, 52% used [0x000000077b780000,0x000000077c2582f0,0x000000077cc00000)
  to   space 20992K, 0% used [0x000000077cc00000,0x000000077cc00000,0x000000077e080000)
 ParOldGen       total 137728K, used 93536K [0x00000006c2c00000, 0x00000006cb280000, 0x000000076b980000)
  object space 137728K, 67% used [0x00000006c2c00000,0x00000006c8758358,0x00000006cb280000)
 Metaspace       used 26056K, capacity 26802K, committed 26880K, reserved 1073152K
  class space    used 2896K, capacity 3050K, committed 3072K, reserved 1048576K
}
Event: 13.313 GC heap before
{Heap before GC invocations=17 (full 1):
 PSYoungGen      total 281088K, used 271200K [0x000000076b980000, 0x000000077e080000, 0x00000007c0000000)
  eden space 260096K, 100% used [0x000000076b980000,0x000000077b780000,0x000000077b780000)
  from space 20992K, 52% used [0x000000077b780000,0x000000077c2582f0,0x000000077cc00000)
  to   space 20992K, 0% used [0x000000077cc00000,0x000000077cc00000,0x000000077e080000)
 ParOldGen       total 137728K, used 93536K [0x00000006c2c00000, 0x00000006cb280000, 0x000000076b980000)
  object space 137728K, 67% used [0x00000006c2c00000,0x00000006c8758358,0x00000006cb280000)
 Metaspace       used 26092K, capacity 26804K, committed 26880K, reserved 1073152K
  class space    used 2897K, capacity 3052K, committed 3072K, reserved 1048576K
Event: 13.328 GC heap after
Heap after GC invocations=17 (full 1):
 PSYoungGen      total 281088K, used 20985K [0x000000076b980000, 0x000000077e080000, 0x00000007c0000000)
  eden space 260096K, 0% used [0x000000076b980000,0x000000076b980000,0x000000077b780000)
  from space 20992K, 99% used [0x000000077cc00000,0x000000077e07e720,0x000000077e080000)
  to   space 20992K, 0% used [0x000000077b780000,0x000000077b780000,0x000000077cc00000)
 ParOldGen       total 137728K, used 104638K [0x00000006c2c00000, 0x00000006cb280000, 0x000000076b980000)
  object space 137728K, 75% used [0x00000006c2c00000,0x00000006c922fb58,0x00000006cb280000)
 Metaspace       used 26092K, capacity 26804K, committed 26880K, reserved 1073152K
  class space    used 2897K, capacity 3052K, committed 3072K, reserved 1048576K
}
Event: 14.811 GC heap before
{Heap before GC invocations=18 (full 1):
 PSYoungGen      total 281088K, used 281081K [0x000000076b980000, 0x000000077e080000, 0x00000007c0000000)
  eden space 260096K, 100% used [0x000000076b980000,0x000000077b780000,0x000000077b780000)
  from space 20992K, 99% used [0x000000077cc00000,0x000000077e07e720,0x000000077e080000)
  to   space 20992K, 0% used [0x000000077b780000,0x000000077b780000,0x000000077cc00000)
 ParOldGen       total 137728K, used 104638K [0x00000006c2c00000, 0x00000006cb280000, 0x000000076b980000)
  object space 137728K, 75% used [0x00000006c2c00000,0x00000006c922fb58,0x00000006cb280000)
 Metaspace       used 26132K, capacity 26868K, committed 27136K, reserved 1073152K
  class space    used 2897K, capacity 3052K, committed 3072K, reserved 1048576K
Event: 14.822 GC heap after
Heap after GC invocations=18 (full 1):
 PSYoungGen      total 281088K, used 14185K [0x000000076b980000, 0x000000077e080000, 0x00000007c0000000)
  eden space 260096K, 0% used [0x000000076b980000,0x000000076b980000,0x000000077b780000)
  from space 20992K, 67% used [0x000000077b780000,0x000000077c55a588,0x000000077cc00000)
  to   space 20992K, 0% used [0x000000077cc00000,0x000000077cc00000,0x000000077e080000)
 ParOldGen       total 137728K, used 117665K [0x00000006c2c00000, 0x00000006cb280000, 0x000000076b980000)
  object space 137728K, 85% used [0x00000006c2c00000,0x00000006c9ee85b0,0x00000006cb280000)
 Metaspace       used 26132K, capacity 26868K, committed 27136K, reserved 1073152K
  class space    used 2897K, capacity 3052K, committed 3072K, reserved 1048576K
}
Event: 14.822 GC heap before
{Heap before GC invocations=19 (full 2):
 PSYoungGen      total 281088K, used 14185K [0x000000076b980000, 0x000000077e080000, 0x00000007c0000000)
  eden space 260096K, 0% used [0x000000076b980000,0x000000076b980000,0x000000077b780000)
  from space 20992K, 67% used [0x000000077b780000,0x000000077c55a588,0x000000077cc00000)
  to   space 20992K, 0% used [0x000000077cc00000,0x000000077cc00000,0x000000077e080000)
 ParOldGen       total 137728K, used 117665K [0x00000006c2c00000, 0x00000006cb280000, 0x000000076b980000)
  object space 137728K, 85% used [0x00000006c2c00000,0x00000006c9ee85b0,0x00000006cb280000)
 Metaspace       used 26132K, capacity 26868K, committed 27136K, reserved 1073152K
  class space    used 2897K, capacity 3052K, committed 3072K, reserved 1048576K
Event: 15.127 GC heap after
Heap after GC invocations=19 (full 2):
 PSYoungGen      total 281088K, used 0K [0x000000076b980000, 0x000000077e080000, 0x00000007c0000000)
  eden space 260096K, 0% used [0x000000076b980000,0x000000076b980000,0x000000077b780000)
  from space 20992K, 0% used [0x000000077b780000,0x000000077b780000,0x000000077cc00000)
  to   space 20992K, 0% used [0x000000077cc00000,0x000000077cc00000,0x000000077e080000)
 ParOldGen       total 137728K, used 106039K [0x00000006c2c00000, 0x00000006cb280000, 0x000000076b980000)
  object space 137728K, 76% used [0x00000006c2c00000,0x00000006c938dfc8,0x00000006cb280000)
 Metaspace       used 26132K, capacity 26868K, committed 27136K, reserved 1073152K
  class space    used 2897K, capacity 3052K, committed 3072K, reserved 1048576K
}
Event: 17.284 GC heap before
{Heap before GC invocations=20 (full 2):
 PSYoungGen      total 281088K, used 260096K [0x000000076b980000, 0x000000077e080000, 0x00000007c0000000)
  eden space 260096K, 100% used [0x000000076b980000,0x000000077b780000,0x000000077b780000)
  from space 20992K, 0% used [0x000000077b780000,0x000000077b780000,0x000000077cc00000)
  to   space 20992K, 0% used [0x000000077cc00000,0x000000077cc00000,0x000000077e080000)
 ParOldGen       total 137728K, used 106039K [0x00000006c2c00000, 0x00000006cb280000, 0x000000076b980000)
  object space 137728K, 76% used [0x00000006c2c00000,0x00000006c938dfc8,0x00000006cb280000)
 Metaspace       used 27975K, capacity 28692K, committed 28928K, reserved 1075200K
  class space    used 3041K, capacity 3212K, committed 3328K, reserved 1048576K
Event: 17.297 GC heap after
Heap after GC invocations=20 (full 2):
 PSYoungGen      total 281088K, used 19287K [0x000000076b980000, 0x000000077e080000, 0x00000007c0000000)
  eden space 260096K, 0% used [0x000000076b980000,0x000000076b980000,0x000000077b780000)
  from space 20992K, 91% used [0x000000077cc00000,0x000000077ded5cd8,0x000000077e080000)
  to   space 20992K, 0% used [0x000000077b780000,0x000000077b780000,0x000000077cc00000)
 ParOldGen       total 137728K, used 106047K [0x00000006c2c00000, 0x00000006cb280000, 0x000000076b980000)
  object space 137728K, 76% used [0x00000006c2c00000,0x00000006c938ffc8,0x00000006cb280000)
 Metaspace       used 27975K, capacity 28692K, committed 28928K, reserved 1075200K
  class space    used 3041K, capacity 3212K, committed 3328K, reserved 1048576K
}

