# JRE version: Java(TM) SE Runtime Environment (8.0_74-b02) (build 1.8.0_74-b02)
# Java VM: Java HotSpot(TM) 64-Bit Server VM (25.74-b02 mixed mode windows-amd64 compressed oops)
Heap:
 PSYoungGen      total 281088K, used 218479K [0x000000076b980000, 0x000000077e080000, 0x00000007c0000000)
  eden space 260096K, 79% used [0x000000076b980000,0x0000000778443c90,0x000000077b780000)
  from space 20992K, 51% used [0x000000077b780000,0x000000077c2182f0,0x000000077cc00000)
  to   space 20480K, 0% used [0x000000077cc80000,0x000000077cc80000,0x000000077e080000)
 ParOldGen       total 138752K, used 93872K [0x00000006c2c00000, 0x00000006cb380000, 0x000000076b980000)
  object space 138752K, 67% used [0x00000006c2c00000,0x00000006c87ac170,0x00000006cb380000)
 Metaspace       used 26071K, capacity 26804K, committed 26880K, reserved 1073152K
  class space    used 2898K, capacity 3052K, committed 3072K, reserved 1048576K
GC Heap History (10 events):
Event: 10.696 GC heap before
{Heap before GC invocations=12 (full 1):
 PSYoungGen      total 280576K, used 280566K [0x000000076b980000, 0x000000077e080000, 0x00000007c0000000)
  eden space 260096K, 100% used [0x000000076b980000,0x000000077b780000,0x000000077b780000)
  from space 20480K, 99% used [0x000000077cc80000,0x000000077e07d890,0x000000077e080000)
  to   space 20992K, 0% used [0x000000077b780000,0x000000077b780000,0x000000077cc00000)
 ParOldGen       total 138752K, used 58150K [0x00000006c2c00000, 0x00000006cb380000, 0x000000076b980000)
  object space 138752K, 41% used [0x00000006c2c00000,0x00000006c64c98f8,0x00000006cb380000)
 Metaspace       used 25671K, capacity 26244K, committed 26368K, reserved 1073152K
  class space    used 2867K, capacity 3021K, committed 3072K, reserved 1048576K
Event: 10.716 GC heap after
Heap after GC invocations=12 (full 1):
 PSYoungGen      total 281088K, used 9814K [0x000000076b980000, 0x000000077e080000, 0x00000007c0000000)
  eden space 260096K, 0% used [0x000000076b980000,0x000000076b980000,0x000000077b780000)
  from space 20992K, 46% used [0x000000077b780000,0x000000077c115810,0x000000077cc00000)
  to   space 20480K, 0% used [0x000000077cc80000,0x000000077cc80000,0x000000077e080000)
 ParOldGen       total 138752K, used 78618K [0x00000006c2c00000, 0x00000006cb380000, 0x000000076b980000)
  object space 138752K, 56% used [0x00000006c2c00000,0x00000006c78c6a58,0x00000006cb380000)
 Metaspace       used 25671K, capacity 26244K, committed 26368K, reserved 1073152K
  class space    used 2867K, capacity 3021K, committed 3072K, reserved 1048576K
}
Event: 11.243 GC heap before
{Heap before GC invocations=13 (full 1):
 PSYoungGen      total 281088K, used 269910K [0x000000076b980000, 0x000000077e080000, 0x00000007c0000000)
  eden space 260096K, 100% used [0x000000076b980000,0x000000077b780000,0x000000077b780000)
  from space 20992K, 46% used [0x000000077b780000,0x000000077c115810,0x000000077cc00000)
  to   space 20480K, 0% used [0x000000077cc80000,0x000000077cc80000,0x000000077e080000)
 ParOldGen       total 138752K, used 78618K [0x00000006c2c00000, 0x00000006cb380000, 0x000000076b980000)
  object space 138752K, 56% used [0x00000006c2c00000,0x00000006c78c6a58,0x00000006cb380000)
 Metaspace       used 25960K, capacity 26726K, committed 26880K, reserved 1073152K
  class space    used 2895K, capacity 3048K, committed 3072K, reserved 1048576K
Event: 11.253 GC heap after
Heap after GC invocations=13 (full 1):
 PSYoungGen      total 280576K, used 11850K [0x000000076b980000, 0x000000077e080000, 0x00000007c0000000)
  eden space 260096K, 0% used [0x000000076b980000,0x000000076b980000,0x000000077b780000)
  from space 20480K, 57% used [0x000000077cc80000,0x000000077d8129f0,0x000000077e080000)
  to   space 20992K, 0% used [0x000000077b780000,0x000000077b780000,0x000000077cc00000)
 ParOldGen       total 138752K, used 78626K [0x00000006c2c00000, 0x00000006cb380000, 0x000000076b980000)
  object space 138752K, 56% used [0x00000006c2c00000,0x00000006c78c8a58,0x00000006cb380000)
 Metaspace       used 25960K, capacity 26726K, committed 26880K, reserved 1073152K
  class space    used 2895K, capacity 3048K, committed 3072K, reserved 1048576K
}
Event: 11.657 GC heap before
{Heap before GC invocations=14 (full 1):
 PSYoungGen      total 280576K, used 271946K [0x000000076b980000, 0x000000077e080000, 0x00000007c0000000)
  eden space 260096K, 100% used [0x000000076b980000,0x000000077b780000,0x000000077b780000)
  from space 20480K, 57% used [0x000000077cc80000,0x000000077d8129f0,0x000000077e080000)
  to   space 20992K, 0% used [0x000000077b780000,0x000000077b780000,0x000000077cc00000)
 ParOldGen       total 138752K, used 78626K [0x00000006c2c00000, 0x00000006cb380000, 0x000000076b980000)
  object space 138752K, 56% used [0x00000006c2c00000,0x00000006c78c8a58,0x00000006cb380000)
 Metaspace       used 26010K, capacity 26738K, committed 26880K, reserved 1073152K
  class space    used 2896K, capacity 3050K, committed 3072K, reserved 1048576K
Event: 11.670 GC heap after
Heap after GC invocations=14 (full 1):
 PSYoungGen      total 281088K, used 15626K [0x000000076b980000, 0x000000077e080000, 0x00000007c0000000)
  eden space 260096K, 0% used [0x000000076b980000,0x000000076b980000,0x000000077b780000)
  from space 20992K, 74% used [0x000000077b780000,0x000000077c6c2ad0,0x000000077cc00000)
  to   space 20480K, 0% used [0x000000077cc80000,0x000000077cc80000,0x000000077e080000)
 ParOldGen       total 138752K, used 78634K [0x00000006c2c00000, 0x00000006cb380000, 0x000000076b980000)
  object space 138752K, 56% used [0x00000006c2c00000,0x00000006c78caa58,0x00000006cb380000)
 Metaspace       used 26010K, capacity 26738K, committed 26880K, reserved 1073152K
  class space    used 2896K, capacity 3050K, committed 3072K, reserved 1048576K
}
Event: 12.050 GC heap before
{Heap before GC invocations=15 (full 1):
 PSYoungGen      total 281088K, used 275722K [0x000000076b980000, 0x000000077e080000, 0x00000007c0000000)
  eden space 260096K, 100% used [0x000000076b980000,0x000000077b780000,0x000000077b780000)
  from space 20992K, 74% used [0x000000077b780000,0x000000077c6c2ad0,0x000000077cc00000)
  to   space 20480K, 0% used [0x000000077cc80000,0x000000077cc80000,0x000000077e080000)
 ParOldGen       total 138752K, used 78634K [0x00000006c2c00000, 0x00000006cb380000, 0x000000076b980000)
  object space 138752K, 56% used [0x00000006c2c00000,0x00000006c78caa58,0x00000006cb380000)
 Metaspace       used 26021K, capacity 26738K, committed 26880K, reserved 1073152K
  class space    used 2897K, capacity 3050K, committed 3072K, reserved 1048576K
Event: 12.069 GC heap after
Heap after GC invocations=15 (full 1):
 PSYoungGen      total 280576K, used 11168K [0x000000076b980000, 0x000000077e080000, 0x00000007c0000000)
  eden space 260096K, 0% used [0x000000076b980000,0x000000076b980000,0x000000077b780000)
  from space 20480K, 54% used [0x000000077cc80000,0x000000077d768230,0x000000077e080000)
  to   space 20992K, 0% used [0x000000077b780000,0x000000077b780000,0x000000077cc00000)
 ParOldGen       total 138752K, used 86539K [0x00000006c2c00000, 0x00000006cb380000, 0x000000076b980000)
  object space 138752K, 62% used [0x00000006c2c00000,0x00000006c8082d60,0x00000006cb380000)
 Metaspace       used 26021K, capacity 26738K, committed 26880K, reserved 1073152K
  class space    used 2897K, capacity 3050K, committed 3072K, reserved 1048576K
}
Event: 12.474 GC heap before
{Heap before GC invocations=16 (full 1):
 PSYoungGen      total 280576K, used 271264K [0x000000076b980000, 0x000000077e080000, 0x00000007c0000000)
  eden space 260096K, 100% used [0x000000076b980000,0x000000077b780000,0x000000077b780000)
  from space 20480K, 54% used [0x000000077cc80000,0x000000077d768230,0x000000077e080000)
  to   space 20992K, 0% used [0x000000077b780000,0x000000077b780000,0x000000077cc00000)
 ParOldGen       total 138752K, used 86539K [0x00000006c2c00000, 0x00000006cb380000, 0x000000076b980000)
  object space 138752K, 62% used [0x00000006c2c00000,0x00000006c8082d60,0x00000006cb380000)
 Metaspace       used 26036K, capacity 26802K, committed 26880K, reserved 1073152K
  class space    used 2897K, capacity 3050K, committed 3072K, reserved 1048576K
Event: 12.487 GC heap after
Heap after GC invocations=16 (full 1):
 PSYoungGen      total 281088K, used 10848K [0x000000076b980000, 0x000000077e080000, 0x00000007c0000000)
  eden space 260096K, 0% used [0x000000076b980000,0x000000076b980000,0x000000077b780000)
  from space 20992K, 51% used [0x000000077b780000,0x000000077c2182f0,0x000000077cc00000)
  to   space 20480K, 0% used [0x000000077cc80000,0x000000077cc80000,0x000000077e080000)
 ParOldGen       total 138752K, used 93872K [0x00000006c2c00000, 0x00000006cb380000, 0x000000076b980000)
  object space 138752K, 67% used [0x00000006c2c00000,0x00000006c87ac170,0x00000006cb380000)
 Metaspace       used 26036K, capacity 26802K, committed 26880K, reserved 1073152K
  class space    used 2897K, capacity 3050K, committed 3072K, reserved 1048576K
}

