# JRE version: Java(TM) SE Runtime Environment (8.0_74-b02) (build 1.8.0_74-b02)
# Java VM: Java HotSpot(TM) 64-Bit Server VM (25.74-b02 mixed mode windows-amd64 compressed oops)
Heap:
 PSYoungGen      total 281600K, used 44475K [0x000000076b980000, 0x000000077e180000, 0x00000007c0000000)
  eden space 260096K, 9% used [0x000000076b980000,0x000000076d2e2ca0,0x000000077b780000)
  from space 21504K, 85% used [0x000000077cc80000,0x000000077de8c1a8,0x000000077e180000)
  to   space 21504K, 0% used [0x000000077b780000,0x000000077b780000,0x000000077cc80000)
 ParOldGen       total 137728K, used 105547K [0x00000006c2c00000, 0x00000006cb280000, 0x000000076b980000)
  object space 137728K, 76% used [0x00000006c2c00000,0x00000006c9312cb0,0x00000006cb280000)
 Metaspace       used 28090K, capacity 28934K, committed 29184K, reserved 1075200K
  class space    used 3061K, capacity 3247K, committed 3328K, reserved 1048576K
GC Heap History (10 events):
Event: 12.345 GC heap before
{Heap before GC invocations=16 (full 1):
 PSYoungGen      total 281600K, used 279290K [0x000000076b980000, 0x000000077e180000, 0x00000007c0000000)
  eden space 260096K, 100% used [0x000000076b980000,0x000000077b780000,0x000000077b780000)
  from space 21504K, 89% used [0x000000077cc80000,0x000000077df3eb80,0x000000077e180000)
  to   space 21504K, 0% used [0x000000077b780000,0x000000077b780000,0x000000077cc80000)
 ParOldGen       total 137728K, used 78577K [0x00000006c2c00000, 0x00000006cb280000, 0x000000076b980000)
  object space 137728K, 57% used [0x00000006c2c00000,0x00000006c78bc488,0x00000006cb280000)
 Metaspace       used 26149K, capacity 26980K, committed 27264K, reserved 1073152K
  class space    used 2917K, capacity 3085K, committed 3200K, reserved 1048576K
Event: 12.363 GC heap after
Heap after GC invocations=16 (full 1):
 PSYoungGen      total 281600K, used 11952K [0x000000076b980000, 0x000000077e180000, 0x00000007c0000000)
  eden space 260096K, 0% used [0x000000076b980000,0x000000076b980000,0x000000077b780000)
  from space 21504K, 55% used [0x000000077b780000,0x000000077c32c280,0x000000077cc80000)
  to   space 21504K, 0% used [0x000000077cc80000,0x000000077cc80000,0x000000077e180000)
 ParOldGen       total 137728K, used 89758K [0x00000006c2c00000, 0x00000006cb280000, 0x000000076b980000)
  object space 137728K, 65% used [0x00000006c2c00000,0x00000006c83a78a0,0x00000006cb280000)
 Metaspace       used 26149K, capacity 26980K, committed 27264K, reserved 1073152K
  class space    used 2917K, capacity 3085K, committed 3200K, reserved 1048576K
}
Event: 13.999 GC heap before
{Heap before GC invocations=17 (full 1):
 PSYoungGen      total 281600K, used 272048K [0x000000076b980000, 0x000000077e180000, 0x00000007c0000000)
  eden space 260096K, 100% used [0x000000076b980000,0x000000077b780000,0x000000077b780000)
  from space 21504K, 55% used [0x000000077b780000,0x000000077c32c280,0x000000077cc80000)
  to   space 21504K, 0% used [0x000000077cc80000,0x000000077cc80000,0x000000077e180000)
 ParOldGen       total 137728K, used 89758K [0x00000006c2c00000, 0x00000006cb280000, 0x000000076b980000)
  object space 137728K, 65% used [0x00000006c2c00000,0x00000006c83a78a0,0x00000006cb280000)
 Metaspace       used 26185K, capacity 26982K, committed 27264K, reserved 1073152K
  class space    used 2918K, capacity 3087K, committed 3200K, reserved 1048576K
Event: 14.021 GC heap after
Heap after GC invocations=17 (full 1):
 PSYoungGen      total 281600K, used 21473K [0x000000076b980000, 0x000000077e180000, 0x00000007c0000000)
  eden space 260096K, 0% used [0x000000076b980000,0x000000076b980000,0x000000077b780000)
  from space 21504K, 99% used [0x000000077cc80000,0x000000077e178508,0x000000077e180000)
  to   space 21504K, 0% used [0x000000077b780000,0x000000077b780000,0x000000077cc80000)
 ParOldGen       total 137728K, used 100851K [0x00000006c2c00000, 0x00000006cb280000, 0x000000076b980000)
  object space 137728K, 73% used [0x00000006c2c00000,0x00000006c8e7cf60,0x00000006cb280000)
 Metaspace       used 26185K, capacity 26982K, committed 27264K, reserved 1073152K
  class space    used 2918K, capacity 3087K, committed 3200K, reserved 1048576K
}
Event: 15.327 GC heap before
{Heap before GC invocations=18 (full 1):
 PSYoungGen      total 281600K, used 281569K [0x000000076b980000, 0x000000077e180000, 0x00000007c0000000)
  eden space 260096K, 100% used [0x000000076b980000,0x000000077b780000,0x000000077b780000)
  from space 21504K, 99% used [0x000000077cc80000,0x000000077e178508,0x000000077e180000)
  to   space 21504K, 0% used [0x000000077b780000,0x000000077b780000,0x000000077cc80000)
 ParOldGen       total 137728K, used 100851K [0x00000006c2c00000, 0x00000006cb280000, 0x000000076b980000)
  object space 137728K, 73% used [0x00000006c2c00000,0x00000006c8e7cf60,0x00000006cb280000)
 Metaspace       used 26223K, capacity 27046K, committed 27264K, reserved 1073152K
  class space    used 2918K, capacity 3087K, committed 3200K, reserved 1048576K
Event: 15.347 GC heap after
Heap after GC invocations=18 (full 1):
 PSYoungGen      total 281600K, used 13553K [0x000000076b980000, 0x000000077e180000, 0x00000007c0000000)
  eden space 260096K, 0% used [0x000000076b980000,0x000000076b980000,0x000000077b780000)
  from space 21504K, 63% used [0x000000077b780000,0x000000077c4bc6b0,0x000000077cc80000)
  to   space 21504K, 0% used [0x000000077cc80000,0x000000077cc80000,0x000000077e180000)
 ParOldGen       total 137728K, used 117169K [0x00000006c2c00000, 0x00000006cb280000, 0x000000076b980000)
  object space 137728K, 85% used [0x00000006c2c00000,0x00000006c9e6c438,0x00000006cb280000)
 Metaspace       used 26223K, capacity 27046K, committed 27264K, reserved 1073152K
  class space    used 2918K, capacity 3087K, committed 3200K, reserved 1048576K
}
Event: 15.347 GC heap before
{Heap before GC invocations=19 (full 2):
 PSYoungGen      total 281600K, used 13553K [0x000000076b980000, 0x000000077e180000, 0x00000007c0000000)
  eden space 260096K, 0% used [0x000000076b980000,0x000000076b980000,0x000000077b780000)
  from space 21504K, 63% used [0x000000077b780000,0x000000077c4bc6b0,0x000000077cc80000)
  to   space 21504K, 0% used [0x000000077cc80000,0x000000077cc80000,0x000000077e180000)
 ParOldGen       total 137728K, used 117169K [0x00000006c2c00000, 0x00000006cb280000, 0x000000076b980000)
  object space 137728K, 85% used [0x00000006c2c00000,0x00000006c9e6c438,0x00000006cb280000)
 Metaspace       used 26223K, capacity 27046K, committed 27264K, reserved 1073152K
  class space    used 2918K, capacity 3087K, committed 3200K, reserved 1048576K
Event: 15.693 GC heap after
Heap after GC invocations=19 (full 2):
 PSYoungGen      total 281600K, used 0K [0x000000076b980000, 0x000000077e180000, 0x00000007c0000000)
  eden space 260096K, 0% used [0x000000076b980000,0x000000076b980000,0x000000077b780000)
  from space 21504K, 0% used [0x000000077b780000,0x000000077b780000,0x000000077cc80000)
  to   space 21504K, 0% used [0x000000077cc80000,0x000000077cc80000,0x000000077e180000)
 ParOldGen       total 137728K, used 105539K [0x00000006c2c00000, 0x00000006cb280000, 0x000000076b980000)
  object space 137728K, 76% used [0x00000006c2c00000,0x00000006c9310cb0,0x00000006cb280000)
 Metaspace       used 26223K, capacity 27046K, committed 27264K, reserved 1073152K
  class space    used 2918K, capacity 3087K, committed 3200K, reserved 1048576K
}
Event: 17.917 GC heap before
{Heap before GC invocations=20 (full 2):
 PSYoungGen      total 281600K, used 260096K [0x000000076b980000, 0x000000077e180000, 0x00000007c0000000)
  eden space 260096K, 100% used [0x000000076b980000,0x000000077b780000,0x000000077b780000)
  from space 21504K, 0% used [0x000000077b780000,0x000000077b780000,0x000000077cc80000)
  to   space 21504K, 0% used [0x000000077cc80000,0x000000077cc80000,0x000000077e180000)
 ParOldGen       total 137728K, used 105539K [0x00000006c2c00000, 0x00000006cb280000, 0x000000076b980000)
  object space 137728K, 76% used [0x00000006c2c00000,0x00000006c9310cb0,0x00000006cb280000)
 Metaspace       used 28019K, capacity 28870K, committed 29184K, reserved 1075200K
  class space    used 3061K, capacity 3247K, committed 3328K, reserved 1048576K
Event: 17.930 GC heap after
Heap after GC invocations=20 (full 2):
 PSYoungGen      total 281600K, used 18480K [0x000000076b980000, 0x000000077e180000, 0x00000007c0000000)
  eden space 260096K, 0% used [0x000000076b980000,0x000000076b980000,0x000000077b780000)
  from space 21504K, 85% used [0x000000077cc80000,0x000000077de8c1a8,0x000000077e180000)
  to   space 21504K, 0% used [0x000000077b780000,0x000000077b780000,0x000000077cc80000)
 ParOldGen       total 137728K, used 105547K [0x00000006c2c00000, 0x00000006cb280000, 0x000000076b980000)
  object space 137728K, 76% used [0x00000006c2c00000,0x00000006c9312cb0,0x00000006cb280000)
 Metaspace       used 28019K, capacity 28870K, committed 29184K, reserved 1075200K
  class space    used 3061K, capacity 3247K, committed 3328K, reserved 1048576K
}

