# JRE version: Java(TM) SE Runtime Environment (8.0_74-b02) (build 1.8.0_74-b02)
# Java VM: Java HotSpot(TM) 64-Bit Server VM (25.74-b02 mixed mode windows-amd64 compressed oops)
Heap:
 PSYoungGen      total 280576K, used 164797K [0x000000076b980000, 0x000000077e080000, 0x00000007c0000000)
  eden space 260096K, 55% used [0x000000076b980000,0x0000000774672340,0x000000077b780000)
  from space 20480K, 99% used [0x000000077cc80000,0x000000077e07d3f8,0x000000077e080000)
  to   space 20992K, 0% used [0x000000077b780000,0x000000077b780000,0x000000077cc00000)
 ParOldGen       total 132096K, used 58623K [0x00000006c2c00000, 0x00000006cad00000, 0x000000076b980000)
  object space 132096K, 44% used [0x00000006c2c00000,0x00000006c653fde0,0x00000006cad00000)
 Metaspace       used 25529K, capacity 26192K, committed 26368K, reserved 1073152K
  class space    used 2857K, capacity 3023K, committed 3072K, reserved 1048576K
GC Heap History (10 events):
Event: 5.871 GC heap before
{Heap before GC invocations=7 (full 0):
 PSYoungGen      total 280576K, used 271016K [0x000000076b980000, 0x000000077e080000, 0x00000007c0000000)
  eden space 260096K, 100% used [0x000000076b980000,0x000000077b780000,0x000000077b780000)
  from space 20480K, 53% used [0x000000077cc80000,0x000000077d72a060,0x000000077e080000)
  to   space 20992K, 0% used [0x000000077b780000,0x000000077b780000,0x000000077cc00000)
 ParOldGen       total 173568K, used 19461K [0x00000006c2c00000, 0x00000006cd580000, 0x000000076b980000)
  object space 173568K, 11% used [0x00000006c2c00000,0x00000006c3f01420,0x00000006cd580000)
 Metaspace       used 18251K, capacity 18776K, committed 19200K, reserved 1067008K
  class space    used 2074K, capacity 2193K, committed 2304K, reserved 1048576K
Event: 5.882 GC heap after
Heap after GC invocations=7 (full 0):
 PSYoungGen      total 281088K, used 5264K [0x000000076b980000, 0x000000077e080000, 0x00000007c0000000)
  eden space 260096K, 0% used [0x000000076b980000,0x000000076b980000,0x000000077b780000)
  from space 20992K, 25% used [0x000000077b780000,0x000000077bca4010,0x000000077cc00000)
  to   space 20480K, 0% used [0x000000077cc80000,0x000000077cc80000,0x000000077e080000)
 ParOldGen       total 173568K, used 25220K [0x00000006c2c00000, 0x00000006cd580000, 0x000000076b980000)
  object space 173568K, 14% used [0x00000006c2c00000,0x00000006c44a10a0,0x00000006cd580000)
 Metaspace       used 18251K, capacity 18776K, committed 19200K, reserved 1067008K
  class space    used 2074K, capacity 2193K, committed 2304K, reserved 1048576K
}
Event: 6.359 GC heap before
{Heap before GC invocations=8 (full 0):
 PSYoungGen      total 281088K, used 265360K [0x000000076b980000, 0x000000077e080000, 0x00000007c0000000)
  eden space 260096K, 100% used [0x000000076b980000,0x000000077b780000,0x000000077b780000)
  from space 20992K, 25% used [0x000000077b780000,0x000000077bca4010,0x000000077cc00000)
  to   space 20480K, 0% used [0x000000077cc80000,0x000000077cc80000,0x000000077e080000)
 ParOldGen       total 173568K, used 25220K [0x00000006c2c00000, 0x00000006cd580000, 0x000000076b980000)
  object space 173568K, 14% used [0x00000006c2c00000,0x00000006c44a10a0,0x00000006cd580000)
 Metaspace       used 18260K, capacity 18776K, committed 19200K, reserved 1067008K
  class space    used 2074K, capacity 2193K, committed 2304K, reserved 1048576K
Event: 6.377 GC heap after
Heap after GC invocations=8 (full 0):
 PSYoungGen      total 280576K, used 3456K [0x000000076b980000, 0x000000077e080000, 0x00000007c0000000)
  eden space 260096K, 0% used [0x000000076b980000,0x000000076b980000,0x000000077b780000)
  from space 20480K, 16% used [0x000000077cc80000,0x000000077cfe0000,0x000000077e080000)
  to   space 20992K, 0% used [0x000000077b780000,0x000000077b780000,0x000000077cc00000)
 ParOldGen       total 173568K, used 27098K [0x00000006c2c00000, 0x00000006cd580000, 0x000000076b980000)
  object space 173568K, 15% used [0x00000006c2c00000,0x00000006c4676ab8,0x00000006cd580000)
 Metaspace       used 18260K, capacity 18776K, committed 19200K, reserved 1067008K
  class space    used 2074K, capacity 2193K, committed 2304K, reserved 1048576K
}
Event: 7.184 GC heap before
{Heap before GC invocations=9 (full 0):
 PSYoungGen      total 280576K, used 143594K [0x000000076b980000, 0x000000077e080000, 0x00000007c0000000)
  eden space 260096K, 53% used [0x000000076b980000,0x000000077425a9e0,0x000000077b780000)
  from space 20480K, 16% used [0x000000077cc80000,0x000000077cfe0000,0x000000077e080000)
  to   space 20992K, 0% used [0x000000077b780000,0x000000077b780000,0x000000077cc00000)
 ParOldGen       total 173568K, used 27098K [0x00000006c2c00000, 0x00000006cd580000, 0x000000076b980000)
  object space 173568K, 15% used [0x00000006c2c00000,0x00000006c4676ab8,0x00000006cd580000)
 Metaspace       used 20498K, capacity 21080K, committed 21248K, reserved 1069056K
  class space    used 2356K, capacity 2497K, committed 2560K, reserved 1048576K
Event: 7.190 GC heap after
Heap after GC invocations=9 (full 0):
 PSYoungGen      total 281088K, used 3218K [0x000000076b980000, 0x000000077e080000, 0x00000007c0000000)
  eden space 260096K, 0% used [0x000000076b980000,0x000000076b980000,0x000000077b780000)
  from space 20992K, 15% used [0x000000077b780000,0x000000077baa4980,0x000000077cc00000)
  to   space 20480K, 0% used [0x000000077cc80000,0x000000077cc80000,0x000000077e080000)
 ParOldGen       total 173568K, used 30136K [0x00000006c2c00000, 0x00000006cd580000, 0x000000076b980000)
  object space 173568K, 17% used [0x00000006c2c00000,0x00000006c496e378,0x00000006cd580000)
 Metaspace       used 20498K, capacity 21080K, committed 21248K, reserved 1069056K
  class space    used 2356K, capacity 2497K, committed 2560K, reserved 1048576K
}
Event: 7.190 GC heap before
{Heap before GC invocations=10 (full 1):
 PSYoungGen      total 281088K, used 3218K [0x000000076b980000, 0x000000077e080000, 0x00000007c0000000)
  eden space 260096K, 0% used [0x000000076b980000,0x000000076b980000,0x000000077b780000)
  from space 20992K, 15% used [0x000000077b780000,0x000000077baa4980,0x000000077cc00000)
  to   space 20480K, 0% used [0x000000077cc80000,0x000000077cc80000,0x000000077e080000)
 ParOldGen       total 173568K, used 30136K [0x00000006c2c00000, 0x00000006cd580000, 0x000000076b980000)
  object space 173568K, 17% used [0x00000006c2c00000,0x00000006c496e378,0x00000006cd580000)
 Metaspace       used 20498K, capacity 21080K, committed 21248K, reserved 1069056K
  class space    used 2356K, capacity 2497K, committed 2560K, reserved 1048576K
Event: 7.311 GC heap after
Heap after GC invocations=10 (full 1):
 PSYoungGen      total 281088K, used 0K [0x000000076b980000, 0x000000077e080000, 0x00000007c0000000)
  eden space 260096K, 0% used [0x000000076b980000,0x000000076b980000,0x000000077b780000)
  from space 20992K, 0% used [0x000000077b780000,0x000000077b780000,0x000000077cc00000)
  to   space 20480K, 0% used [0x000000077cc80000,0x000000077cc80000,0x000000077e080000)
 ParOldGen       total 132096K, used 29634K [0x00000006c2c00000, 0x00000006cad00000, 0x000000076b980000)
  object space 132096K, 22% used [0x00000006c2c00000,0x00000006c48f0b38,0x00000006cad00000)
 Metaspace       used 20498K, capacity 21080K, committed 21248K, reserved 1069056K
  class space    used 2356K, capacity 2497K, committed 2560K, reserved 1048576K
}
Event: 9.454 GC heap before
{Heap before GC invocations=11 (full 1):
 PSYoungGen      total 281088K, used 260096K [0x000000076b980000, 0x000000077e080000, 0x00000007c0000000)
  eden space 260096K, 100% used [0x000000076b980000,0x000000077b780000,0x000000077b780000)
  from space 20992K, 0% used [0x000000077b780000,0x000000077b780000,0x000000077cc00000)
  to   space 20480K, 0% used [0x000000077cc80000,0x000000077cc80000,0x000000077e080000)
 ParOldGen       total 132096K, used 29634K [0x00000006c2c00000, 0x00000006cad00000, 0x000000076b980000)
  object space 132096K, 22% used [0x00000006c2c00000,0x00000006c48f0b38,0x00000006cad00000)
 Metaspace       used 24039K, capacity 24664K, committed 24960K, reserved 1071104K
  class space    used 2692K, capacity 2817K, committed 2944K, reserved 1048576K
Event: 9.487 GC heap after
Heap after GC invocations=11 (full 1):
 PSYoungGen      total 280576K, used 20468K [0x000000076b980000, 0x000000077e080000, 0x00000007c0000000)
  eden space 260096K, 0% used [0x000000076b980000,0x000000076b980000,0x000000077b780000)
  from space 20480K, 99% used [0x000000077cc80000,0x000000077e07d3f8,0x000000077e080000)
  to   space 20992K, 0% used [0x000000077b780000,0x000000077b780000,0x000000077cc00000)
 ParOldGen       total 132096K, used 58623K [0x00000006c2c00000, 0x00000006cad00000, 0x000000076b980000)
  object space 132096K, 44% used [0x00000006c2c00000,0x00000006c653fde0,0x00000006cad00000)
 Metaspace       used 24039K, capacity 24664K, committed 24960K, reserved 1071104K
  class space    used 2692K, capacity 2817K, committed 2944K, reserved 1048576K
}

