# JRE version: Java(TM) SE Runtime Environment (8.0_74-b02) (build 1.8.0_74-b02)
# Java VM: Java HotSpot(TM) 64-Bit Server VM (25.74-b02 mixed mode windows-amd64 compressed oops)
Heap:
 PSYoungGen      total 624640K, used 207357K [0x000000076b980000, 0x0000000794280000, 0x00000007c0000000)
  eden space 590848K, 33% used [0x000000076b980000,0x0000000777d1b4a8,0x000000078fa80000)
  from space 33792K, 20% used [0x0000000791a00000,0x00000007920e41a0,0x0000000793b00000)
  to   space 32256K, 0% used [0x000000078fa80000,0x000000078fa80000,0x0000000791a00000)
 ParOldGen       total 123904K, used 93904K [0x00000006c2c00000, 0x00000006ca500000, 0x000000076b980000)
  object space 123904K, 75% used [0x00000006c2c00000,0x00000006c87b4238,0x00000006ca500000)
 Metaspace       used 26102K, capacity 26804K, committed 26880K, reserved 1073152K
  class space    used 2898K, capacity 3052K, committed 3072K, reserved 1048576K
GC Heap History (10 events):
Event: 20.440 GC heap before
{Heap before GC invocations=13 (full 1):
 PSYoungGen      total 337408K, used 2889K [0x000000076b980000, 0x0000000781980000, 0x00000007c0000000)
  eden space 315392K, 0% used [0x000000076b980000,0x000000076b980000,0x000000077ed80000)
  from space 22016K, 13% used [0x0000000780400000,0x00000007806d2550,0x0000000781980000)
  to   space 22528K, 0% used [0x000000077ed80000,0x000000077ed80000,0x0000000780380000)
 ParOldGen       total 173568K, used 29672K [0x00000006c2c00000, 0x00000006cd580000, 0x000000076b980000)
  object space 173568K, 17% used [0x00000006c2c00000,0x00000006c48fa2e8,0x00000006cd580000)
 Metaspace       used 20649K, capacity 21126K, committed 21248K, reserved 1069056K
  class space    used 2355K, capacity 2494K, committed 2560K, reserved 1048576K
Event: 20.692 GC heap after
Heap after GC invocations=13 (full 1):
 PSYoungGen      total 337408K, used 0K [0x000000076b980000, 0x0000000781980000, 0x00000007c0000000)
  eden space 315392K, 0% used [0x000000076b980000,0x000000076b980000,0x000000077ed80000)
  from space 22016K, 0% used [0x0000000780400000,0x0000000780400000,0x0000000781980000)
  to   space 22528K, 0% used [0x000000077ed80000,0x000000077ed80000,0x0000000780380000)
 ParOldGen       total 123904K, used 29755K [0x00000006c2c00000, 0x00000006ca500000, 0x000000076b980000)
  object space 123904K, 24% used [0x00000006c2c00000,0x00000006c490ed10,0x00000006ca500000)
 Metaspace       used 20649K, capacity 21126K, committed 21248K, reserved 1069056K
  class space    used 2355K, capacity 2494K, committed 2560K, reserved 1048576K
}
Event: 26.993 GC heap before
{Heap before GC invocations=14 (full 1):
 PSYoungGen      total 337408K, used 315392K [0x000000076b980000, 0x0000000781980000, 0x00000007c0000000)
  eden space 315392K, 100% used [0x000000076b980000,0x000000077ed80000,0x000000077ed80000)
  from space 22016K, 0% used [0x0000000780400000,0x0000000780400000,0x0000000781980000)
  to   space 22528K, 0% used [0x000000077ed80000,0x000000077ed80000,0x0000000780380000)
 ParOldGen       total 123904K, used 29755K [0x00000006c2c00000, 0x00000006ca500000, 0x000000076b980000)
  object space 123904K, 24% used [0x00000006c2c00000,0x00000006c490ed10,0x00000006ca500000)
 Metaspace       used 24630K, capacity 25234K, committed 25472K, reserved 1071104K
  class space    used 2744K, capacity 2922K, committed 2944K, reserved 1048576K
Event: 27.036 GC heap after
Heap after GC invocations=14 (full 1):
 PSYoungGen      total 337920K, used 22496K [0x000000076b980000, 0x000000078aa80000, 0x00000007c0000000)
  eden space 315392K, 0% used [0x000000076b980000,0x000000076b980000,0x000000077ed80000)
  from space 22528K, 99% used [0x000000077ed80000,0x0000000780378308,0x0000000780380000)
  to   space 36864K, 0% used [0x0000000788680000,0x0000000788680000,0x000000078aa80000)
 ParOldGen       total 123904K, used 57800K [0x00000006c2c00000, 0x00000006ca500000, 0x000000076b980000)
  object space 123904K, 46% used [0x00000006c2c00000,0x00000006c6472350,0x00000006ca500000)
 Metaspace       used 24630K, capacity 25234K, committed 25472K, reserved 1071104K
  class space    used 2744K, capacity 2922K, committed 2944K, reserved 1048576K
}
Event: 29.513 GC heap before
{Heap before GC invocations=15 (full 1):
 PSYoungGen      total 337920K, used 337888K [0x000000076b980000, 0x000000078aa80000, 0x00000007c0000000)
  eden space 315392K, 100% used [0x000000076b980000,0x000000077ed80000,0x000000077ed80000)
  from space 22528K, 99% used [0x000000077ed80000,0x0000000780378308,0x0000000780380000)
  to   space 36864K, 0% used [0x0000000788680000,0x0000000788680000,0x000000078aa80000)
 ParOldGen       total 123904K, used 57800K [0x00000006c2c00000, 0x00000006ca500000, 0x000000076b980000)
  object space 123904K, 46% used [0x00000006c2c00000,0x00000006c6472350,0x00000006ca500000)
 Metaspace       used 25945K, capacity 26638K, committed 26880K, reserved 1073152K
  class space    used 2893K, capacity 3044K, committed 3072K, reserved 1048576K
Event: 29.551 GC heap after
Heap after GC invocations=15 (full 1):
 PSYoungGen      total 460800K, used 9479K [0x000000076b980000, 0x000000078a300000, 0x00000007c0000000)
  eden space 431616K, 0% used [0x000000076b980000,0x000000076b980000,0x0000000785f00000)
  from space 29184K, 32% used [0x0000000788680000,0x0000000788fc1d98,0x000000078a300000)
  to   space 34816K, 0% used [0x0000000785f00000,0x0000000785f00000,0x0000000788100000)
 ParOldGen       total 123904K, used 80233K [0x00000006c2c00000, 0x00000006ca500000, 0x000000076b980000)
  object space 123904K, 64% used [0x00000006c2c00000,0x00000006c7a5a6c8,0x00000006ca500000)
 Metaspace       used 25945K, capacity 26638K, committed 26880K, reserved 1073152K
  class space    used 2893K, capacity 3044K, committed 3072K, reserved 1048576K
}
Event: 31.074 GC heap before
{Heap before GC invocations=16 (full 1):
 PSYoungGen      total 460800K, used 441095K [0x000000076b980000, 0x000000078a300000, 0x00000007c0000000)
  eden space 431616K, 100% used [0x000000076b980000,0x0000000785f00000,0x0000000785f00000)
  from space 29184K, 32% used [0x0000000788680000,0x0000000788fc1d98,0x000000078a300000)
  to   space 34816K, 0% used [0x0000000785f00000,0x0000000785f00000,0x0000000788100000)
 ParOldGen       total 123904K, used 80233K [0x00000006c2c00000, 0x00000006ca500000, 0x000000076b980000)
  object space 123904K, 64% used [0x00000006c2c00000,0x00000006c7a5a6c8,0x00000006ca500000)
 Metaspace       used 26057K, capacity 26738K, committed 26880K, reserved 1073152K
  class space    used 2897K, capacity 3050K, committed 3072K, reserved 1048576K
Event: 31.102 GC heap after
Heap after GC invocations=16 (full 1):
 PSYoungGen      total 466432K, used 5792K [0x000000076b980000, 0x0000000793b00000, 0x00000007c0000000)
  eden space 431616K, 0% used [0x000000076b980000,0x000000076b980000,0x0000000785f00000)
  from space 34816K, 16% used [0x0000000785f00000,0x00000007864a8110,0x0000000788100000)
  to   space 33792K, 0% used [0x0000000791a00000,0x0000000791a00000,0x0000000793b00000)
 ParOldGen       total 123904K, used 88511K [0x00000006c2c00000, 0x00000006ca500000, 0x000000076b980000)
  object space 123904K, 71% used [0x00000006c2c00000,0x00000006c826fff8,0x00000006ca500000)
 Metaspace       used 26057K, capacity 26738K, committed 26880K, reserved 1073152K
  class space    used 2897K, capacity 3050K, committed 3072K, reserved 1048576K
}
Event: 32.277 GC heap before
{Heap before GC invocations=17 (full 1):
 PSYoungGen      total 466432K, used 437408K [0x000000076b980000, 0x0000000793b00000, 0x00000007c0000000)
  eden space 431616K, 100% used [0x000000076b980000,0x0000000785f00000,0x0000000785f00000)
  from space 34816K, 16% used [0x0000000785f00000,0x00000007864a8110,0x0000000788100000)
  to   space 33792K, 0% used [0x0000000791a00000,0x0000000791a00000,0x0000000793b00000)
 ParOldGen       total 123904K, used 88511K [0x00000006c2c00000, 0x00000006ca500000, 0x000000076b980000)
  object space 123904K, 71% used [0x00000006c2c00000,0x00000006c826fff8,0x00000006ca500000)
 Metaspace       used 26066K, capacity 26738K, committed 26880K, reserved 1073152K
  class space    used 2897K, capacity 3050K, committed 3072K, reserved 1048576K
Event: 32.318 GC heap after
Heap after GC invocations=17 (full 1):
 PSYoungGen      total 624640K, used 7056K [0x000000076b980000, 0x0000000794280000, 0x00000007c0000000)
  eden space 590848K, 0% used [0x000000076b980000,0x000000076b980000,0x000000078fa80000)
  from space 33792K, 20% used [0x0000000791a00000,0x00000007920e41a0,0x0000000793b00000)
  to   space 32256K, 0% used [0x000000078fa80000,0x000000078fa80000,0x0000000791a00000)
 ParOldGen       total 123904K, used 93904K [0x00000006c2c00000, 0x00000006ca500000, 0x000000076b980000)
  object space 123904K, 75% used [0x00000006c2c00000,0x00000006c87b4238,0x00000006ca500000)
 Metaspace       used 26066K, capacity 26738K, committed 26880K, reserved 1073152K
  class space    used 2897K, capacity 3050K, committed 3072K, reserved 1048576K
}

