# JRE version: Java(TM) SE Runtime Environment (8.0_74-b02) (build 1.8.0_74-b02)
# Java VM: Java HotSpot(TM) 64-Bit Server VM (25.74-b02 mixed mode windows-amd64 compressed oops)
Heap:
 PSYoungGen      total 268800K, used 124835K [0x000000076b980000, 0x0000000784700000, 0x00000007c0000000)
  eden space 237568K, 52% used [0x000000076b980000,0x0000000773314c58,0x000000077a180000)
  from space 31232K, 1% used [0x000000077ca00000,0x000000077ca54010,0x000000077e880000)
  to   space 41472K, 0% used [0x000000077a180000,0x000000077a180000,0x000000077ca00000)
 ParOldGen       total 138240K, used 84198K [0x00000006c2c00000, 0x00000006cb300000, 0x000000076b980000)
  object space 138240K, 60% used [0x00000006c2c00000,0x00000006c7e39a70,0x00000006cb300000)
 Metaspace       used 30106K, capacity 31006K, committed 31232K, reserved 1077248K
  class space    used 3333K, capacity 3580K, committed 3584K, reserved 1048576K
GC Heap History (10 events):
Event: 14.741 GC heap before
{Heap before GC invocations=11 (full 1):
 PSYoungGen      total 272896K, used 271269K [0x000000076b980000, 0x000000077e880000, 0x00000007c0000000)
  eden space 245760K, 100% used [0x000000076b980000,0x000000077a980000,0x000000077a980000)
  from space 27136K, 94% used [0x000000077a980000,0x000000077c2696b8,0x000000077c400000)
  to   space 31232K, 0% used [0x000000077ca00000,0x000000077ca00000,0x000000077e880000)
 ParOldGen       total 138240K, used 61335K [0x00000006c2c00000, 0x00000006cb300000, 0x000000076b980000)
  object space 138240K, 44% used [0x00000006c2c00000,0x00000006c67e5d80,0x00000006cb300000)
 Metaspace       used 29791K, capacity 30750K, committed 30976K, reserved 1077248K
  class space    used 3331K, capacity 3580K, committed 3584K, reserved 1048576K
Event: 14.752 GC heap after
Heap after GC invocations=11 (full 1):
 PSYoungGen      total 276992K, used 22974K [0x000000076b980000, 0x000000077e880000, 0x00000007c0000000)
  eden space 245760K, 0% used [0x000000076b980000,0x000000076b980000,0x000000077a980000)
  from space 31232K, 73% used [0x000000077ca00000,0x000000077e06f8d0,0x000000077e880000)
  to   space 27136K, 0% used [0x000000077a980000,0x000000077a980000,0x000000077c400000)
 ParOldGen       total 138240K, used 61343K [0x00000006c2c00000, 0x00000006cb300000, 0x000000076b980000)
  object space 138240K, 44% used [0x00000006c2c00000,0x00000006c67e7d80,0x00000006cb300000)
 Metaspace       used 29791K, capacity 30750K, committed 30976K, reserved 1077248K
  class space    used 3331K, capacity 3580K, committed 3584K, reserved 1048576K
}
Event: 14.932 GC heap before
{Heap before GC invocations=12 (full 1):
 PSYoungGen      total 276992K, used 268734K [0x000000076b980000, 0x000000077e880000, 0x00000007c0000000)
  eden space 245760K, 100% used [0x000000076b980000,0x000000077a980000,0x000000077a980000)
  from space 31232K, 73% used [0x000000077ca00000,0x000000077e06f8d0,0x000000077e880000)
  to   space 27136K, 0% used [0x000000077a980000,0x000000077a980000,0x000000077c400000)
 ParOldGen       total 138240K, used 61343K [0x00000006c2c00000, 0x00000006cb300000, 0x000000076b980000)
  object space 138240K, 44% used [0x00000006c2c00000,0x00000006c67e7d80,0x00000006cb300000)
 Metaspace       used 29797K, capacity 30750K, committed 30976K, reserved 1077248K
  class space    used 3331K, capacity 3580K, committed 3584K, reserved 1048576K
Event: 14.953 GC heap after
Heap after GC invocations=12 (full 1):
 PSYoungGen      total 272896K, used 19226K [0x000000076b980000, 0x000000077e880000, 0x00000007c0000000)
  eden space 245760K, 0% used [0x000000076b980000,0x000000076b980000,0x000000077a980000)
  from space 27136K, 70% used [0x000000077a980000,0x000000077bc46860,0x000000077c400000)
  to   space 31232K, 0% used [0x000000077ca00000,0x000000077ca00000,0x000000077e880000)
 ParOldGen       total 138240K, used 65129K [0x00000006c2c00000, 0x00000006cb300000, 0x000000076b980000)
  object space 138240K, 47% used [0x00000006c2c00000,0x00000006c6b9a5b0,0x00000006cb300000)
 Metaspace       used 29797K, capacity 30750K, committed 30976K, reserved 1077248K
  class space    used 3331K, capacity 3580K, committed 3584K, reserved 1048576K
}
Event: 15.458 GC heap before
{Heap before GC invocations=13 (full 1):
 PSYoungGen      total 272896K, used 264986K [0x000000076b980000, 0x000000077e880000, 0x00000007c0000000)
  eden space 245760K, 100% used [0x000000076b980000,0x000000077a980000,0x000000077a980000)
  from space 27136K, 70% used [0x000000077a980000,0x000000077bc46860,0x000000077c400000)
  to   space 31232K, 0% used [0x000000077ca00000,0x000000077ca00000,0x000000077e880000)
 ParOldGen       total 138240K, used 65129K [0x00000006c2c00000, 0x00000006cb300000, 0x000000076b980000)
  object space 138240K, 47% used [0x00000006c2c00000,0x00000006c6b9a5b0,0x00000006cb300000)
 Metaspace       used 29862K, capacity 30814K, committed 30976K, reserved 1077248K
  class space    used 3332K, capacity 3580K, committed 3584K, reserved 1048576K
Event: 15.470 GC heap after
Heap after GC invocations=13 (full 1):
 PSYoungGen      total 276992K, used 688K [0x000000076b980000, 0x000000077e880000, 0x00000007c0000000)
  eden space 245760K, 0% used [0x000000076b980000,0x000000076b980000,0x000000077a980000)
  from space 31232K, 2% used [0x000000077ca00000,0x000000077caac010,0x000000077e880000)
  to   space 27136K, 0% used [0x000000077a980000,0x000000077a980000,0x000000077c400000)
 ParOldGen       total 138240K, used 84006K [0x00000006c2c00000, 0x00000006cb300000, 0x000000076b980000)
  object space 138240K, 60% used [0x00000006c2c00000,0x00000006c7e09a70,0x00000006cb300000)
 Metaspace       used 29862K, capacity 30814K, committed 30976K, reserved 1077248K
  class space    used 3332K, capacity 3580K, committed 3584K, reserved 1048576K
}
Event: 15.644 GC heap before
{Heap before GC invocations=14 (full 1):
 PSYoungGen      total 276992K, used 246448K [0x000000076b980000, 0x000000077e880000, 0x00000007c0000000)
  eden space 245760K, 100% used [0x000000076b980000,0x000000077a980000,0x000000077a980000)
  from space 31232K, 2% used [0x000000077ca00000,0x000000077caac010,0x000000077e880000)
  to   space 27136K, 0% used [0x000000077a980000,0x000000077a980000,0x000000077c400000)
 ParOldGen       total 138240K, used 84006K [0x00000006c2c00000, 0x00000006cb300000, 0x000000076b980000)
  object space 138240K, 60% used [0x00000006c2c00000,0x00000006c7e09a70,0x00000006cb300000)
 Metaspace       used 29863K, capacity 30814K, committed 30976K, reserved 1077248K
  class space    used 3332K, capacity 3580K, committed 3584K, reserved 1048576K
Event: 15.646 GC heap after
Heap after GC invocations=14 (full 1):
 PSYoungGen      total 272896K, used 320K [0x000000076b980000, 0x000000077e880000, 0x00000007c0000000)
  eden space 245760K, 0% used [0x000000076b980000,0x000000076b980000,0x000000077a980000)
  from space 27136K, 1% used [0x000000077a980000,0x000000077a9d0020,0x000000077c400000)
  to   space 31232K, 0% used [0x000000077ca00000,0x000000077ca00000,0x000000077e880000)
 ParOldGen       total 138240K, used 84014K [0x00000006c2c00000, 0x00000006cb300000, 0x000000076b980000)
  object space 138240K, 60% used [0x00000006c2c00000,0x00000006c7e0ba70,0x00000006cb300000)
 Metaspace       used 29863K, capacity 30814K, committed 30976K, reserved 1077248K
  class space    used 3332K, capacity 3580K, committed 3584K, reserved 1048576K
}
Event: 15.874 GC heap before
{Heap before GC invocations=15 (full 1):
 PSYoungGen      total 272896K, used 246080K [0x000000076b980000, 0x000000077e880000, 0x00000007c0000000)
  eden space 245760K, 100% used [0x000000076b980000,0x000000077a980000,0x000000077a980000)
  from space 27136K, 1% used [0x000000077a980000,0x000000077a9d0020,0x000000077c400000)
  to   space 31232K, 0% used [0x000000077ca00000,0x000000077ca00000,0x000000077e880000)
 ParOldGen       total 138240K, used 84014K [0x00000006c2c00000, 0x00000006cb300000, 0x000000076b980000)
  object space 138240K, 60% used [0x00000006c2c00000,0x00000006c7e0ba70,0x00000006cb300000)
 Metaspace       used 29868K, capacity 30814K, committed 30976K, reserved 1077248K
  class space    used 3332K, capacity 3580K, committed 3584K, reserved 1048576K
Event: 15.876 GC heap after
Heap after GC invocations=15 (full 1):
 PSYoungGen      total 268800K, used 336K [0x000000076b980000, 0x0000000784700000, 0x00000007c0000000)
  eden space 237568K, 0% used [0x000000076b980000,0x000000076b980000,0x000000077a180000)
  from space 31232K, 1% used [0x000000077ca00000,0x000000077ca54010,0x000000077e880000)
  to   space 41472K, 0% used [0x000000077a180000,0x000000077a180000,0x000000077ca00000)
 ParOldGen       total 138240K, used 84198K [0x00000006c2c00000, 0x00000006cb300000, 0x000000076b980000)
  object space 138240K, 60% used [0x00000006c2c00000,0x00000006c7e39a70,0x00000006cb300000)
 Metaspace       used 29868K, capacity 30814K, committed 30976K, reserved 1077248K
  class space    used 3332K, capacity 3580K, committed 3584K, reserved 1048576K
}

