# JRE version: Java(TM) SE Runtime Environment (8.0_74-b02) (build 1.8.0_74-b02)
# Java VM: Java HotSpot(TM) 64-Bit Server VM (25.74-b02 mixed mode windows-amd64 compressed oops)
Heap:
 PSYoungGen      total 263168K, used 198225K [0x000000076b980000, 0x0000000780f00000, 0x00000007c0000000)
  eden space 237056K, 73% used [0x000000076b980000,0x000000077649b7b8,0x000000077a100000)
  from space 26112K, 88% used [0x000000077a100000,0x000000077b778d70,0x000000077ba80000)
  to   space 30208K, 0% used [0x000000077f180000,0x000000077f180000,0x0000000780f00000)
 ParOldGen       total 122880K, used 81986K [0x00000006c2c00000, 0x00000006ca400000, 0x000000076b980000)
  object space 122880K, 66% used [0x00000006c2c00000,0x00000006c7c10be8,0x00000006ca400000)
 Metaspace       used 30922K, capacity 31886K, committed 32256K, reserved 1077248K
  class space    used 3460K, capacity 3720K, committed 3840K, reserved 1048576K
GC Heap History (10 events):
Event: 23.129 GC heap before
{Heap before GC invocations=14 (full 1):
 PSYoungGen      total 196608K, used 188110K [0x000000076b980000, 0x0000000779580000, 0x00000007c0000000)
  eden space 174080K, 100% used [0x000000076b980000,0x0000000776380000,0x0000000776380000)
  from space 22528K, 62% used [0x0000000777f80000,0x0000000778d338d8,0x0000000779580000)
  to   space 25600K, 0% used [0x0000000776380000,0x0000000776380000,0x0000000777c80000)
 ParOldGen       total 122880K, used 61518K [0x00000006c2c00000, 0x00000006ca400000, 0x000000076b980000)
  object space 122880K, 50% used [0x00000006c2c00000,0x00000006c68138c0,0x00000006ca400000)
 Metaspace       used 29765K, capacity 30690K, committed 30720K, reserved 1077248K
  class space    used 3331K, capacity 3580K, committed 3584K, reserved 1048576K
Event: 23.163 GC heap after
Heap after GC invocations=14 (full 1):
 PSYoungGen      total 199680K, used 9448K [0x000000076b980000, 0x000000077d300000, 0x00000007c0000000)
  eden space 174080K, 0% used [0x000000076b980000,0x000000076b980000,0x0000000776380000)
  from space 25600K, 36% used [0x0000000776380000,0x0000000776cba310,0x0000000777c80000)
  to   space 25088K, 0% used [0x000000077ba80000,0x000000077ba80000,0x000000077d300000)
 ParOldGen       total 122880K, used 75118K [0x00000006c2c00000, 0x00000006ca400000, 0x000000076b980000)
  object space 122880K, 61% used [0x00000006c2c00000,0x00000006c755b870,0x00000006ca400000)
 Metaspace       used 29765K, capacity 30690K, committed 30720K, reserved 1077248K
  class space    used 3331K, capacity 3580K, committed 3584K, reserved 1048576K
}
Event: 23.369 GC heap before
{Heap before GC invocations=15 (full 1):
 PSYoungGen      total 199680K, used 183528K [0x000000076b980000, 0x000000077d300000, 0x00000007c0000000)
  eden space 174080K, 100% used [0x000000076b980000,0x0000000776380000,0x0000000776380000)
  from space 25600K, 36% used [0x0000000776380000,0x0000000776cba310,0x0000000777c80000)
  to   space 25088K, 0% used [0x000000077ba80000,0x000000077ba80000,0x000000077d300000)
 ParOldGen       total 122880K, used 75118K [0x00000006c2c00000, 0x00000006ca400000, 0x000000076b980000)
  object space 122880K, 61% used [0x00000006c2c00000,0x00000006c755b870,0x00000006ca400000)
 Metaspace       used 29774K, capacity 30690K, committed 30720K, reserved 1077248K
  class space    used 3331K, capacity 3580K, committed 3584K, reserved 1048576K
Event: 23.373 GC heap after
Heap after GC invocations=15 (full 1):
 PSYoungGen      total 262144K, used 160K [0x000000076b980000, 0x000000077d700000, 0x00000007c0000000)
  eden space 237056K, 0% used [0x000000076b980000,0x000000076b980000,0x000000077a100000)
  from space 25088K, 0% used [0x000000077ba80000,0x000000077baa8020,0x000000077d300000)
  to   space 26112K, 0% used [0x000000077a100000,0x000000077a100000,0x000000077ba80000)
 ParOldGen       total 122880K, used 81938K [0x00000006c2c00000, 0x00000006ca400000, 0x000000076b980000)
  object space 122880K, 66% used [0x00000006c2c00000,0x00000006c7c04be8,0x00000006ca400000)
 Metaspace       used 29774K, capacity 30690K, committed 30720K, reserved 1077248K
  class space    used 3331K, capacity 3580K, committed 3584K, reserved 1048576K
}
Event: 23.591 GC heap before
{Heap before GC invocations=16 (full 1):
 PSYoungGen      total 262144K, used 237216K [0x000000076b980000, 0x000000077d700000, 0x00000007c0000000)
  eden space 237056K, 100% used [0x000000076b980000,0x000000077a100000,0x000000077a100000)
  from space 25088K, 0% used [0x000000077ba80000,0x000000077baa8020,0x000000077d300000)
  to   space 26112K, 0% used [0x000000077a100000,0x000000077a100000,0x000000077ba80000)
 ParOldGen       total 122880K, used 81938K [0x00000006c2c00000, 0x00000006ca400000, 0x000000076b980000)
  object space 122880K, 66% used [0x00000006c2c00000,0x00000006c7c04be8,0x00000006ca400000)
 Metaspace       used 29786K, capacity 30690K, committed 30720K, reserved 1077248K
  class space    used 3331K, capacity 3580K, committed 3584K, reserved 1048576K
Event: 23.593 GC heap after
Heap after GC invocations=16 (full 1):
 PSYoungGen      total 263168K, used 160K [0x000000076b980000, 0x000000077d700000, 0x00000007c0000000)
  eden space 237056K, 0% used [0x000000076b980000,0x000000076b980000,0x000000077a100000)
  from space 26112K, 0% used [0x000000077a100000,0x000000077a128000,0x000000077ba80000)
  to   space 25088K, 0% used [0x000000077ba80000,0x000000077ba80000,0x000000077d300000)
 ParOldGen       total 122880K, used 81946K [0x00000006c2c00000, 0x00000006ca400000, 0x000000076b980000)
  object space 122880K, 66% used [0x00000006c2c00000,0x00000006c7c06be8,0x00000006ca400000)
 Metaspace       used 29786K, capacity 30690K, committed 30720K, reserved 1077248K
  class space    used 3331K, capacity 3580K, committed 3584K, reserved 1048576K
}
Event: 23.772 GC heap before
{Heap before GC invocations=17 (full 1):
 PSYoungGen      total 263168K, used 237216K [0x000000076b980000, 0x000000077d700000, 0x00000007c0000000)
  eden space 237056K, 100% used [0x000000076b980000,0x000000077a100000,0x000000077a100000)
  from space 26112K, 0% used [0x000000077a100000,0x000000077a128000,0x000000077ba80000)
  to   space 25088K, 0% used [0x000000077ba80000,0x000000077ba80000,0x000000077d300000)
 ParOldGen       total 122880K, used 81946K [0x00000006c2c00000, 0x00000006ca400000, 0x000000076b980000)
  object space 122880K, 66% used [0x00000006c2c00000,0x00000006c7c06be8,0x00000006ca400000)
 Metaspace       used 29789K, capacity 30690K, committed 30720K, reserved 1077248K
  class space    used 3331K, capacity 3580K, committed 3584K, reserved 1048576K
Event: 23.774 GC heap after
Heap after GC invocations=17 (full 1):
 PSYoungGen      total 262144K, used 176K [0x000000076b980000, 0x000000077d700000, 0x00000007c0000000)
  eden space 237056K, 0% used [0x000000076b980000,0x000000076b980000,0x000000077a100000)
  from space 25088K, 0% used [0x000000077ba80000,0x000000077baac010,0x000000077d300000)
  to   space 26112K, 0% used [0x000000077a100000,0x000000077a100000,0x000000077ba80000)
 ParOldGen       total 122880K, used 81962K [0x00000006c2c00000, 0x00000006ca400000, 0x000000076b980000)
  object space 122880K, 66% used [0x00000006c2c00000,0x00000006c7c0abe8,0x00000006ca400000)
 Metaspace       used 29789K, capacity 30690K, committed 30720K, reserved 1077248K
  class space    used 3331K, capacity 3580K, committed 3584K, reserved 1048576K
}
Event: 26.254 GC heap before
{Heap before GC invocations=18 (full 1):
 PSYoungGen      total 262144K, used 237232K [0x000000076b980000, 0x000000077d700000, 0x00000007c0000000)
  eden space 237056K, 100% used [0x000000076b980000,0x000000077a100000,0x000000077a100000)
  from space 25088K, 0% used [0x000000077ba80000,0x000000077baac010,0x000000077d300000)
  to   space 26112K, 0% used [0x000000077a100000,0x000000077a100000,0x000000077ba80000)
 ParOldGen       total 122880K, used 81962K [0x00000006c2c00000, 0x00000006ca400000, 0x000000076b980000)
  object space 122880K, 66% used [0x00000006c2c00000,0x00000006c7c0abe8,0x00000006ca400000)
 Metaspace       used 29912K, capacity 30818K, committed 30976K, reserved 1077248K
  class space    used 3331K, capacity 3580K, committed 3584K, reserved 1048576K
Event: 26.270 GC heap after
Heap after GC invocations=18 (full 1):
 PSYoungGen      total 263168K, used 23011K [0x000000076b980000, 0x0000000780f00000, 0x00000007c0000000)
  eden space 237056K, 0% used [0x000000076b980000,0x000000076b980000,0x000000077a100000)
  from space 26112K, 88% used [0x000000077a100000,0x000000077b778d70,0x000000077ba80000)
  to   space 30208K, 0% used [0x000000077f180000,0x000000077f180000,0x0000000780f00000)
 ParOldGen       total 122880K, used 81986K [0x00000006c2c00000, 0x00000006ca400000, 0x000000076b980000)
  object space 122880K, 66% used [0x00000006c2c00000,0x00000006c7c10be8,0x00000006ca400000)
 Metaspace       used 29912K, capacity 30818K, committed 30976K, reserved 1077248K
  class space    used 3331K, capacity 3580K, committed 3584K, reserved 1048576K
}

