# JRE version: Java(TM) SE Runtime Environment (8.0_74-b02) (build 1.8.0_74-b02)
# Java VM: Java HotSpot(TM) 64-Bit Server VM (25.74-b02 mixed mode windows-amd64 compressed oops)
Heap:
 PSYoungGen      total 430080K, used 128411K [0x000000076b980000, 0x0000000788200000, 0x00000007c0000000)
  eden space 396288K, 23% used [0x000000076b980000,0x00000007715eecc0,0x0000000783c80000)
  from space 33792K, 99% used [0x0000000785c00000,0x0000000787cf8318,0x0000000787d00000)
  to   space 32256K, 0% used [0x0000000783c80000,0x0000000783c80000,0x0000000785c00000)
 ParOldGen       total 253440K, used 106491K [0x00000006c2c00000, 0x00000006d2380000, 0x000000076b980000)
  object space 253440K, 42% used [0x00000006c2c00000,0x00000006c93fecf8,0x00000006d2380000)
 Metaspace       used 30471K, capacity 31348K, committed 32512K, reserved 1077248K
  class space    used 3359K, capacity 3619K, committed 3840K, reserved 1048576K
GC Heap History (10 events):
Event: 23.366 GC heap before
{Heap before GC invocations=20 (full 2):
 PSYoungGen      total 430080K, used 9524K [0x000000076b980000, 0x0000000788200000, 0x00000007c0000000)
  eden space 396288K, 0% used [0x000000076b980000,0x000000076b980000,0x0000000783c80000)
  from space 33792K, 28% used [0x0000000785c00000,0x000000078654d1c8,0x0000000787d00000)
  to   space 32256K, 0% used [0x0000000783c80000,0x0000000783c80000,0x0000000785c00000)
 ParOldGen       total 126976K, used 115096K [0x00000006c2c00000, 0x00000006ca800000, 0x000000076b980000)
  object space 126976K, 90% used [0x00000006c2c00000,0x00000006c9c661a8,0x00000006ca800000)
 Metaspace       used 31419K, capacity 32364K, committed 32512K, reserved 1077248K
  class space    used 3518K, capacity 3789K, committed 3840K, reserved 1048576K
Event: 23.647 GC heap after
Heap after GC invocations=20 (full 2):
 PSYoungGen      total 430080K, used 0K [0x000000076b980000, 0x0000000788200000, 0x00000007c0000000)
  eden space 396288K, 0% used [0x000000076b980000,0x000000076b980000,0x0000000783c80000)
  from space 33792K, 0% used [0x0000000785c00000,0x0000000785c00000,0x0000000787d00000)
  to   space 32256K, 0% used [0x0000000783c80000,0x0000000783c80000,0x0000000785c00000)
 ParOldGen       total 253440K, used 87659K [0x00000006c2c00000, 0x00000006d2380000, 0x000000076b980000)
  object space 253440K, 34% used [0x00000006c2c00000,0x00000006c819afd8,0x00000006d2380000)
 Metaspace       used 29975K, capacity 30848K, committed 32512K, reserved 1077248K
  class space    used 3340K, capacity 3582K, committed 3840K, reserved 1048576K
}
Event: 24.297 GC heap before
{Heap before GC invocations=21 (full 2):
 PSYoungGen      total 430080K, used 396288K [0x000000076b980000, 0x0000000788200000, 0x00000007c0000000)
  eden space 396288K, 100% used [0x000000076b980000,0x0000000783c80000,0x0000000783c80000)
  from space 33792K, 0% used [0x0000000785c00000,0x0000000785c00000,0x0000000787d00000)
  to   space 32256K, 0% used [0x0000000783c80000,0x0000000783c80000,0x0000000785c00000)
 ParOldGen       total 253440K, used 87659K [0x00000006c2c00000, 0x00000006d2380000, 0x000000076b980000)
  object space 253440K, 34% used [0x00000006c2c00000,0x00000006c819afd8,0x00000006d2380000)
 Metaspace       used 30067K, capacity 30930K, committed 32512K, reserved 1077248K
  class space    used 3343K, capacity 3585K, committed 3840K, reserved 1048576K
Event: 24.303 GC heap after
Heap after GC invocations=21 (full 2):
 PSYoungGen      total 428544K, used 5760K [0x000000076b980000, 0x0000000788200000, 0x00000007c0000000)
  eden space 396288K, 0% used [0x000000076b980000,0x000000076b980000,0x0000000783c80000)
  from space 32256K, 17% used [0x0000000783c80000,0x00000007842200d0,0x0000000785c00000)
  to   space 33792K, 0% used [0x0000000785c00000,0x0000000785c00000,0x0000000787d00000)
 ParOldGen       total 253440K, used 87659K [0x00000006c2c00000, 0x00000006d2380000, 0x000000076b980000)
  object space 253440K, 34% used [0x00000006c2c00000,0x00000006c819afd8,0x00000006d2380000)
 Metaspace       used 30067K, capacity 30930K, committed 32512K, reserved 1077248K
  class space    used 3343K, capacity 3585K, committed 3840K, reserved 1048576K
}
Event: 24.733 GC heap before
{Heap before GC invocations=22 (full 2):
 PSYoungGen      total 428544K, used 402048K [0x000000076b980000, 0x0000000788200000, 0x00000007c0000000)
  eden space 396288K, 100% used [0x000000076b980000,0x0000000783c80000,0x0000000783c80000)
  from space 32256K, 17% used [0x0000000783c80000,0x00000007842200d0,0x0000000785c00000)
  to   space 33792K, 0% used [0x0000000785c00000,0x0000000785c00000,0x0000000787d00000)
 ParOldGen       total 253440K, used 87659K [0x00000006c2c00000, 0x00000006d2380000, 0x000000076b980000)
  object space 253440K, 34% used [0x00000006c2c00000,0x00000006c819afd8,0x00000006d2380000)
 Metaspace       used 30079K, capacity 30930K, committed 32512K, reserved 1077248K
  class space    used 3343K, capacity 3585K, committed 3840K, reserved 1048576K
Event: 24.742 GC heap after
Heap after GC invocations=22 (full 2):
 PSYoungGen      total 430080K, used 11440K [0x000000076b980000, 0x0000000788200000, 0x00000007c0000000)
  eden space 396288K, 0% used [0x000000076b980000,0x000000076b980000,0x0000000783c80000)
  from space 33792K, 33% used [0x0000000785c00000,0x000000078672c240,0x0000000787d00000)
  to   space 32256K, 0% used [0x0000000783c80000,0x0000000783c80000,0x0000000785c00000)
 ParOldGen       total 253440K, used 87659K [0x00000006c2c00000, 0x00000006d2380000, 0x000000076b980000)
  object space 253440K, 34% used [0x00000006c2c00000,0x00000006c819afd8,0x00000006d2380000)
 Metaspace       used 30079K, capacity 30930K, committed 32512K, reserved 1077248K
  class space    used 3343K, capacity 3585K, committed 3840K, reserved 1048576K
}
Event: 26.357 GC heap before
{Heap before GC invocations=23 (full 2):
 PSYoungGen      total 430080K, used 407728K [0x000000076b980000, 0x0000000788200000, 0x00000007c0000000)
  eden space 396288K, 100% used [0x000000076b980000,0x0000000783c80000,0x0000000783c80000)
  from space 33792K, 33% used [0x0000000785c00000,0x000000078672c240,0x0000000787d00000)
  to   space 32256K, 0% used [0x0000000783c80000,0x0000000783c80000,0x0000000785c00000)
 ParOldGen       total 253440K, used 87659K [0x00000006c2c00000, 0x00000006d2380000, 0x000000076b980000)
  object space 253440K, 34% used [0x00000006c2c00000,0x00000006c819afd8,0x00000006d2380000)
 Metaspace       used 30104K, capacity 30996K, committed 32512K, reserved 1077248K
  class space    used 3344K, capacity 3587K, committed 3840K, reserved 1048576K
Event: 26.377 GC heap after
Heap after GC invocations=23 (full 2):
 PSYoungGen      total 428544K, used 31585K [0x000000076b980000, 0x0000000788200000, 0x00000007c0000000)
  eden space 396288K, 0% used [0x000000076b980000,0x000000076b980000,0x0000000783c80000)
  from space 32256K, 97% used [0x0000000783c80000,0x0000000785b586d0,0x0000000785c00000)
  to   space 33792K, 0% used [0x0000000785c00000,0x0000000785c00000,0x0000000787d00000)
 ParOldGen       total 253440K, used 92932K [0x00000006c2c00000, 0x00000006d2380000, 0x000000076b980000)
  object space 253440K, 36% used [0x00000006c2c00000,0x00000006c86c12b8,0x00000006d2380000)
 Metaspace       used 30104K, capacity 30996K, committed 32512K, reserved 1077248K
  class space    used 3344K, capacity 3587K, committed 3840K, reserved 1048576K
}
Event: 28.676 GC heap before
{Heap before GC invocations=24 (full 2):
 PSYoungGen      total 428544K, used 427873K [0x000000076b980000, 0x0000000788200000, 0x00000007c0000000)
  eden space 396288K, 100% used [0x000000076b980000,0x0000000783c80000,0x0000000783c80000)
  from space 32256K, 97% used [0x0000000783c80000,0x0000000785b586d0,0x0000000785c00000)
  to   space 33792K, 0% used [0x0000000785c00000,0x0000000785c00000,0x0000000787d00000)
 ParOldGen       total 253440K, used 92932K [0x00000006c2c00000, 0x00000006d2380000, 0x000000076b980000)
  object space 253440K, 36% used [0x00000006c2c00000,0x00000006c86c12b8,0x00000006d2380000)
 Metaspace       used 30305K, capacity 31220K, committed 32512K, reserved 1077248K
  class space    used 3356K, capacity 3619K, committed 3840K, reserved 1048576K
Event: 28.701 GC heap after
Heap after GC invocations=24 (full 2):
 PSYoungGen      total 430080K, used 33760K [0x000000076b980000, 0x0000000788200000, 0x00000007c0000000)
  eden space 396288K, 0% used [0x000000076b980000,0x000000076b980000,0x0000000783c80000)
  from space 33792K, 99% used [0x0000000785c00000,0x0000000787cf8318,0x0000000787d00000)
  to   space 32256K, 0% used [0x0000000783c80000,0x0000000783c80000,0x0000000785c00000)
 ParOldGen       total 253440K, used 106491K [0x00000006c2c00000, 0x00000006d2380000, 0x000000076b980000)
  object space 253440K, 42% used [0x00000006c2c00000,0x00000006c93fecf8,0x00000006d2380000)
 Metaspace       used 30305K, capacity 31220K, committed 32512K, reserved 1077248K
  class space    used 3356K, capacity 3619K, committed 3840K, reserved 1048576K
}

