# JRE version: Java(TM) SE Runtime Environment (8.0_74-b02) (build 1.8.0_74-b02)
# Java VM: Java HotSpot(TM) 64-Bit Server VM (25.74-b02 mixed mode windows-amd64 compressed oops)
Heap:
 PSYoungGen      total 243200K, used 13443K [0x000000076b980000, 0x000000077b600000, 0x00000007c0000000)
  eden space 230912K, 5% used [0x000000076b980000,0x000000076c6a0f98,0x0000000779b00000)
  from space 12288K, 0% used [0x000000077aa00000,0x000000077aa00000,0x000000077b600000)
  to   space 13824K, 0% used [0x0000000779b00000,0x0000000779b00000,0x000000077a880000)
 ParOldGen       total 87040K, used 31938K [0x00000006c2c00000, 0x00000006c8100000, 0x000000076b980000)
  object space 87040K, 36% used [0x00000006c2c00000,0x00000006c4b30b50,0x00000006c8100000)
 Metaspace       used 59078K, capacity 61767K, committed 62336K, reserved 1112064K
  class space    used 7783K, capacity 8496K, committed 8576K, reserved 1048576K
GC Heap History (10 events):
Event: 12.131 GC heap before
{Heap before GC invocations=20 (full 6):
 PSYoungGen      total 243200K, used 1710K [0x000000076b980000, 0x000000077b600000, 0x00000007c0000000)
  eden space 230912K, 0% used [0x000000076b980000,0x000000076b980000,0x0000000779b00000)
  from space 12288K, 13% used [0x000000077aa00000,0x000000077ababb40,0x000000077b600000)
  to   space 13824K, 0% used [0x0000000779b00000,0x0000000779b00000,0x000000077a880000)
 ParOldGen       total 87040K, used 41334K [0x00000006c2c00000, 0x00000006c8100000, 0x000000076b980000)
  object space 87040K, 47% used [0x00000006c2c00000,0x00000006c545da68,0x00000006c8100000)
 Metaspace       used 59206K, capacity 61997K, committed 62080K, reserved 1114112K
  class space    used 7800K, capacity 8531K, committed 8576K, reserved 1048576K
Event: 12.191 GC heap after
Heap after GC invocations=20 (full 6):
 PSYoungGen      total 243200K, used 0K [0x000000076b980000, 0x000000077b600000, 0x00000007c0000000)
  eden space 230912K, 0% used [0x000000076b980000,0x000000076b980000,0x0000000779b00000)
  from space 12288K, 0% used [0x000000077aa00000,0x000000077aa00000,0x000000077b600000)
  to   space 13824K, 0% used [0x0000000779b00000,0x0000000779b00000,0x000000077a880000)
 ParOldGen       total 87040K, used 41151K [0x00000006c2c00000, 0x00000006c8100000, 0x000000076b980000)
  object space 87040K, 47% used [0x00000006c2c00000,0x00000006c542ff10,0x00000006c8100000)
 Metaspace       used 59206K, capacity 61997K, committed 62080K, reserved 1110016K
  class space    used 7800K, capacity 8531K, committed 8576K, reserved 1048576K
}
Event: 12.192 GC heap before
{Heap before GC invocations=21 (full 6):
 PSYoungGen      total 243200K, used 8789K [0x000000076b980000, 0x000000077b600000, 0x00000007c0000000)
  eden space 230912K, 3% used [0x000000076b980000,0x000000076c2154c0,0x0000000779b00000)
  from space 12288K, 0% used [0x000000077aa00000,0x000000077aa00000,0x000000077b600000)
  to   space 13824K, 0% used [0x0000000779b00000,0x0000000779b00000,0x000000077a880000)
 ParOldGen       total 87040K, used 41151K [0x00000006c2c00000, 0x00000006c8100000, 0x000000076b980000)
  object space 87040K, 47% used [0x00000006c2c00000,0x00000006c542ff10,0x00000006c8100000)
 Metaspace       used 59206K, capacity 61997K, committed 62080K, reserved 1114112K
  class space    used 7801K, capacity 8531K, committed 8576K, reserved 1048576K
Event: 12.194 GC heap after
Heap after GC invocations=21 (full 6):
 PSYoungGen      total 244736K, used 96K [0x000000076b980000, 0x000000077b600000, 0x00000007c0000000)
  eden space 230912K, 0% used [0x000000076b980000,0x000000076b980000,0x0000000779b00000)
  from space 13824K, 0% used [0x0000000779b00000,0x0000000779b18000,0x000000077a880000)
  to   space 12288K, 0% used [0x000000077aa00000,0x000000077aa00000,0x000000077b600000)
 ParOldGen       total 87040K, used 41151K [0x00000006c2c00000, 0x00000006c8100000, 0x000000076b980000)
  object space 87040K, 47% used [0x00000006c2c00000,0x00000006c542ff10,0x00000006c8100000)
 Metaspace       used 59206K, capacity 61997K, committed 62080K, reserved 1114112K
  class space    used 7801K, capacity 8531K, committed 8576K, reserved 1048576K
}
Event: 12.194 GC heap before
{Heap before GC invocations=22 (full 7):
 PSYoungGen      total 244736K, used 96K [0x000000076b980000, 0x000000077b600000, 0x00000007c0000000)
  eden space 230912K, 0% used [0x000000076b980000,0x000000076b980000,0x0000000779b00000)
  from space 13824K, 0% used [0x0000000779b00000,0x0000000779b18000,0x000000077a880000)
  to   space 12288K, 0% used [0x000000077aa00000,0x000000077aa00000,0x000000077b600000)
 ParOldGen       total 87040K, used 41151K [0x00000006c2c00000, 0x00000006c8100000, 0x000000076b980000)
  object space 87040K, 47% used [0x00000006c2c00000,0x00000006c542ff10,0x00000006c8100000)
 Metaspace       used 59206K, capacity 61997K, committed 62080K, reserved 1114112K
  class space    used 7801K, capacity 8531K, committed 8576K, reserved 1048576K
Event: 12.251 GC heap after
Heap after GC invocations=22 (full 7):
 PSYoungGen      total 244736K, used 0K [0x000000076b980000, 0x000000077b600000, 0x00000007c0000000)
  eden space 230912K, 0% used [0x000000076b980000,0x000000076b980000,0x0000000779b00000)
  from space 13824K, 0% used [0x0000000779b00000,0x0000000779b00000,0x000000077a880000)
  to   space 12288K, 0% used [0x000000077aa00000,0x000000077aa00000,0x000000077b600000)
 ParOldGen       total 87040K, used 40520K [0x00000006c2c00000, 0x00000006c8100000, 0x000000076b980000)
  object space 87040K, 46% used [0x00000006c2c00000,0x00000006c5392378,0x00000006c8100000)
 Metaspace       used 59206K, capacity 61997K, committed 62080K, reserved 1110016K
  class space    used 7801K, capacity 8531K, committed 8576K, reserved 1048576K
}
Event: 12.251 GC heap before
{Heap before GC invocations=23 (full 7):
 PSYoungGen      total 244736K, used 0K [0x000000076b980000, 0x000000077b600000, 0x00000007c0000000)
  eden space 230912K, 0% used [0x000000076b980000,0x000000076b980000,0x0000000779b00000)
  from space 13824K, 0% used [0x0000000779b00000,0x0000000779b00000,0x000000077a880000)
  to   space 12288K, 0% used [0x000000077aa00000,0x000000077aa00000,0x000000077b600000)
 ParOldGen       total 87040K, used 40520K [0x00000006c2c00000, 0x00000006c8100000, 0x000000076b980000)
  object space 87040K, 46% used [0x00000006c2c00000,0x00000006c5392378,0x00000006c8100000)
 Metaspace       used 59206K, capacity 61997K, committed 62080K, reserved 1114112K
  class space    used 7801K, capacity 8531K, committed 8576K, reserved 1048576K
Event: 12.253 GC heap after
Heap after GC invocations=23 (full 7):
 PSYoungGen      total 243200K, used 0K [0x000000076b980000, 0x000000077b600000, 0x00000007c0000000)
  eden space 230912K, 0% used [0x000000076b980000,0x000000076b980000,0x0000000779b00000)
  from space 12288K, 0% used [0x000000077aa00000,0x000000077aa00000,0x000000077b600000)
  to   space 13824K, 0% used [0x0000000779b00000,0x0000000779b00000,0x000000077a880000)
 ParOldGen       total 87040K, used 40520K [0x00000006c2c00000, 0x00000006c8100000, 0x000000076b980000)
  object space 87040K, 46% used [0x00000006c2c00000,0x00000006c5392378,0x00000006c8100000)
 Metaspace       used 59206K, capacity 61997K, committed 62080K, reserved 1114112K
  class space    used 7801K, capacity 8531K, committed 8576K, reserved 1048576K
}
Event: 12.253 GC heap before
{Heap before GC invocations=24 (full 8):
 PSYoungGen      total 243200K, used 0K [0x000000076b980000, 0x000000077b600000, 0x00000007c0000000)
  eden space 230912K, 0% used [0x000000076b980000,0x000000076b980000,0x0000000779b00000)
  from space 12288K, 0% used [0x000000077aa00000,0x000000077aa00000,0x000000077b600000)
  to   space 13824K, 0% used [0x0000000779b00000,0x0000000779b00000,0x000000077a880000)
 ParOldGen       total 87040K, used 40520K [0x00000006c2c00000, 0x00000006c8100000, 0x000000076b980000)
  object space 87040K, 46% used [0x00000006c2c00000,0x00000006c5392378,0x00000006c8100000)
 Metaspace       used 59206K, capacity 61997K, committed 62080K, reserved 1114112K
  class space    used 7801K, capacity 8531K, committed 8576K, reserved 1048576K
Event: 12.384 GC heap after
Heap after GC invocations=24 (full 8):
 PSYoungGen      total 243200K, used 0K [0x000000076b980000, 0x000000077b600000, 0x00000007c0000000)
  eden space 230912K, 0% used [0x000000076b980000,0x000000076b980000,0x0000000779b00000)
  from space 12288K, 0% used [0x000000077aa00000,0x000000077aa00000,0x000000077b600000)
  to   space 13824K, 0% used [0x0000000779b00000,0x0000000779b00000,0x000000077a880000)
 ParOldGen       total 87040K, used 31938K [0x00000006c2c00000, 0x00000006c8100000, 0x000000076b980000)
  object space 87040K, 36% used [0x00000006c2c00000,0x00000006c4b30b50,0x00000006c8100000)
 Metaspace       used 58877K, capacity 61467K, committed 62080K, reserved 1110016K
  class space    used 7748K, capacity 8436K, committed 8576K, reserved 1048576K
}

